   2.58142168251000       0.976623203335000        1.04844565273000     
    1    0.61247032E+00    0.15149441E+00
    2    0.14064785E+01    0.35325658E+00
    3    0.22066215E+01    0.55678456E+00
    4    0.30101246E+01    0.76268532E+00
    5    0.38172143E+01    0.97187263E+00
    6    0.46286125E+01    0.11853579E+01
    7    0.54452235E+01    0.14042656E+01
    8    0.62680747E+01    0.16298686E+01
    9    0.70983138E+01    0.18636351E+01
   10    0.79372267E+01    0.21072912E+01
   11    0.87862684E+01    0.23629059E+01
   12    0.96471061E+01    0.26330088E+01
   13    0.10521679E+02    0.29207576E+01
   14    0.11412281E+02    0.32301851E+01
   15    0.12321676E+02    0.35665734E+01
   16    0.13253271E+02    0.39370438E+01
   17    0.14211368E+02    0.43515312E+01
   18    0.15201569E+02    0.48244819E+01
   19    0.16231448E+02    0.53780221E+01
   20    0.17311757E+02    0.60484178E+01
   21    0.18458785E+02    0.69008984E+01
   22    0.19699680E+02    0.80699652E+01
   23    0.21087148E+02    0.99027933E+01
   24    0.22759369E+02    0.13820532E+02
