   2.29709702194000        1.04844565273000       0.909720860405000     
    1    0.58509222E+00    0.15149441E+00
    2    0.13436073E+01    0.35325658E+00
    3    0.21079831E+01    0.55678456E+00
    4    0.28755686E+01    0.76268532E+00
    5    0.36465806E+01    0.97187263E+00
    6    0.44217084E+01    0.11853579E+01
    7    0.52018160E+01    0.14042656E+01
    8    0.59878847E+01    0.16298686E+01
    9    0.67810112E+01    0.18636351E+01
   10    0.75824238E+01    0.21072912E+01
   11    0.83935124E+01    0.23629059E+01
   12    0.92158696E+01    0.26330088E+01
   13    0.10051348E+02    0.29207576E+01
   14    0.10902139E+02    0.32301851E+01
   15    0.11770884E+02    0.35665734E+01
   16    0.12660835E+02    0.39370438E+01
   17    0.13576104E+02    0.43515312E+01
   18    0.14522042E+02    0.48244819E+01
   19    0.15505884E+02    0.53780221E+01
   20    0.16537902E+02    0.60484178E+01
   21    0.17633657E+02    0.69008984E+01
   22    0.18819082E+02    0.80699652E+01
   23    0.20144529E+02    0.99027933E+01
   24    0.21742000E+02    0.13820532E+02
