   2.32329957353000       0.976623203335000        1.04844565273000     
    1    0.55122805E+00    0.15149441E+00
    2    0.12658416E+01    0.35325658E+00
    3    0.19859765E+01    0.55678456E+00
    4    0.27091355E+01    0.76268532E+00
    5    0.34355225E+01    0.97187263E+00
    6    0.41657872E+01    0.11853579E+01
    7    0.49007435E+01    0.14042656E+01
    8    0.56413159E+01    0.16298686E+01
    9    0.63885375E+01    0.18636351E+01
   10    0.71435657E+01    0.21072912E+01
   11    0.79077098E+01    0.23629059E+01
   12    0.86824704E+01    0.26330088E+01
   13    0.94695928E+01    0.29207576E+01
   14    0.10271141E+02    0.32301851E+01
   15    0.11089604E+02    0.35665734E+01
   16    0.11928047E+02    0.39370438E+01
   17    0.12790342E+02    0.43515312E+01
   18    0.13681530E+02    0.48244819E+01
   19    0.14608430E+02    0.53780221E+01
   20    0.15580716E+02    0.60484178E+01
   21    0.16613050E+02    0.69008984E+01
   22    0.17729865E+02    0.80699652E+01
   23    0.18978597E+02    0.99027933E+01
   24    0.20483609E+02    0.13820532E+02
