   2.57536901399000       0.976623203335000        1.04844565273000     
    1    0.61103426E+00    0.15149441E+00
    2    0.14031807E+01    0.35325658E+00
    3    0.22014476E+01    0.55678456E+00
    4    0.30030667E+01    0.76268532E+00
    5    0.38082641E+01    0.97187263E+00
    6    0.46177598E+01    0.11853579E+01
    7    0.54324561E+01    0.14042656E+01
    8    0.62533779E+01    0.16298686E+01
    9    0.70816703E+01    0.18636351E+01
   10    0.79186163E+01    0.21072912E+01
   11    0.87656672E+01    0.23629059E+01
   12    0.96244865E+01    0.26330088E+01
   13    0.10497009E+02    0.29207576E+01
   14    0.11385522E+02    0.32301851E+01
   15    0.12292786E+02    0.35665734E+01
   16    0.13222196E+02    0.39370438E+01
   17    0.14178047E+02    0.43515312E+01
   18    0.15165926E+02    0.48244819E+01
   19    0.16193390E+02    0.53780221E+01
   20    0.17271166E+02    0.60484178E+01
   21    0.18415505E+02    0.69008984E+01
   22    0.19653490E+02    0.80699652E+01
   23    0.21037705E+02    0.99027933E+01
   24    0.22706005E+02    0.13820532E+02
