    1    0.38850140E+00    0.63802751E+00
    2    0.11659123E+01    0.63869839E+00
    3    0.19445530E+01    0.64004938E+00
    4    0.27252623E+01    0.64209930E+00
    5    0.35089082E+01    0.64487734E+00
    6    0.42964009E+01    0.64842433E+00
    7    0.50887087E+01    0.65279452E+00
    8    0.58868751E+01    0.65805820E+00
    9    0.66920409E+01    0.66430528E+00
   10    0.75054706E+01    0.67165024E+00
   11    0.83285868E+01    0.68023920E+00
   12    0.91630140E+01    0.69025982E+00
   13    0.10010638E+02    0.70195586E+00
   14    0.10873685E+02    0.71564869E+00
   15    0.11754837E+02    0.73177044E+00
   16    0.12657395E+02    0.75091671E+00
   17    0.13585526E+02    0.77393428E+00
   18    0.14544656E+02    0.80207533E+00
   19    0.15542118E+02    0.83728752E+00
   20    0.16588319E+02    0.88281027E+00
   21    0.17699024E+02    0.94455490E+00
   22    0.18900506E+02    0.10348919E+01
   23    0.20243773E+02    0.11862569E+01
   24    0.21862551E+02    0.15337527E+01
