   2.14446645420000       0.976623203335000        1.04844565273000     
    1    0.50879795E+00    0.15149441E+00
    2    0.11684050E+01    0.35325658E+00
    3    0.18331084E+01    0.55678456E+00
    4    0.25006031E+01    0.76268532E+00
    5    0.31710774E+01    0.97187263E+00
    6    0.38451309E+01    0.11853579E+01
    7    0.45235148E+01    0.14042656E+01
    8    0.52070826E+01    0.16298686E+01
    9    0.58967877E+01    0.18636351E+01
   10    0.65936986E+01    0.21072912E+01
   11    0.72990236E+01    0.23629059E+01
   12    0.80141480E+01    0.26330088E+01
   13    0.87406825E+01    0.29207576E+01
   14    0.94805329E+01    0.32301851E+01
   15    0.10235996E+02    0.35665734E+01
   16    0.11009900E+02    0.39370438E+01
   17    0.11805821E+02    0.43515312E+01
   18    0.12628411E+02    0.48244819E+01
   19    0.13483964E+02    0.53780221E+01
   20    0.14381409E+02    0.60484178E+01
   21    0.15334281E+02    0.69008984E+01
   22    0.16365130E+02    0.80699652E+01
   23    0.17517743E+02    0.99027933E+01
   24    0.18906908E+02    0.13820532E+02
