   2.58740421338000        1.00000000000000        1.00000000000000     
    1    0.62858403E+00    0.15149441E+00
    2    0.14434821E+01    0.35325658E+00
    3    0.22646763E+01    0.55678456E+00
    4    0.30893190E+01    0.76268532E+00
    5    0.39176428E+01    0.97187263E+00
    6    0.47503884E+01    0.11853579E+01
    7    0.55884839E+01    0.14042656E+01
    8    0.64329837E+01    0.16298686E+01
    9    0.72850658E+01    0.18636351E+01
   10    0.81460501E+01    0.21072912E+01
   11    0.90174295E+01    0.23629059E+01
   12    0.99009152E+01    0.26330088E+01
   13    0.10798498E+02    0.29207576E+01
   14    0.11712530E+02    0.32301851E+01
   15    0.12645852E+02    0.35665734E+01
   16    0.13601956E+02    0.39370438E+01
   17    0.14585260E+02    0.43515312E+01
   18    0.15601512E+02    0.48244819E+01
   19    0.16658487E+02    0.53780221E+01
   20    0.17767218E+02    0.60484178E+01
   21    0.18944424E+02    0.69008984E+01
   22    0.20217966E+02    0.80699652E+01
   23    0.21641937E+02    0.99027933E+01
   24    0.23358153E+02    0.13820532E+02
