    1    0.39450396E+00    0.63802751E+00
    2    0.11839263E+01    0.63869839E+00
    3    0.19745974E+01    0.64004938E+00
    4    0.27673691E+01    0.64209930E+00
    5    0.35631227E+01    0.64487734E+00
    6    0.43627827E+01    0.64842433E+00
    7    0.51673320E+01    0.65279452E+00
    8    0.59778305E+01    0.65805820E+00
    9    0.67954366E+01    0.66430528E+00
   10    0.76214342E+01    0.67165024E+00
   11    0.84572680E+01    0.68023920E+00
   12    0.93045876E+01    0.69025982E+00
   13    0.10165307E+02    0.70195586E+00
   14    0.11041689E+02    0.71564869E+00
   15    0.11936455E+02    0.73177044E+00
   16    0.12852958E+02    0.75091671E+00
   17    0.13795430E+02    0.77393428E+00
   18    0.14769379E+02    0.80207533E+00
   19    0.15782253E+02    0.83728752E+00
   20    0.16844617E+02    0.88281027E+00
   21    0.17972483E+02    0.94455490E+00
   22    0.19192529E+02    0.10348919E+01
   23    0.20556551E+02    0.11862569E+01
   24    0.22200340E+02    0.15337527E+01
