   2.59916584883000        1.04844565273000       0.909720860405000     
    1    0.66203199E+00    0.15149441E+00
    2    0.15202920E+01    0.35325658E+00
    3    0.23851834E+01    0.55678456E+00
    4    0.32537066E+01    0.76268532E+00
    5    0.41261068E+01    0.97187263E+00
    6    0.50031641E+01    0.11853579E+01
    7    0.58858560E+01    0.14042656E+01
    8    0.67752931E+01    0.16298686E+01
    9    0.76727159E+01    0.18636351E+01
   10    0.85795144E+01    0.21072912E+01
   11    0.94972614E+01    0.23629059E+01
   12    0.10427759E+02    0.26330088E+01
   13    0.11373103E+02    0.29207576E+01
   14    0.12335773E+02    0.32301851E+01
   15    0.13318758E+02    0.35665734E+01
   16    0.14325738E+02    0.39370438E+01
   17    0.15361365E+02    0.43515312E+01
   18    0.16431694E+02    0.48244819E+01
   19    0.17544912E+02    0.53780221E+01
   20    0.18712640E+02    0.60484178E+01
   21    0.19952487E+02    0.69008984E+01
   22    0.21293796E+02    0.80699652E+01
   23    0.22793539E+02    0.99027933E+01
   24    0.24601078E+02    0.13820532E+02
