   2.15200439304000       0.976623203335000        1.04844565273000     
    1    0.51058641E+00    0.15149441E+00
    2    0.11725120E+01    0.35325658E+00
    3    0.18395519E+01    0.55678456E+00
    4    0.25093929E+01    0.76268532E+00
    5    0.31822240E+01    0.97187263E+00
    6    0.38586468E+01    0.11853579E+01
    7    0.45394152E+01    0.14042656E+01
    8    0.52253858E+01    0.16298686E+01
    9    0.59175153E+01    0.18636351E+01
   10    0.66168758E+01    0.21072912E+01
   11    0.73246802E+01    0.23629059E+01
   12    0.80423182E+01    0.26330088E+01
   13    0.87714066E+01    0.29207576E+01
   14    0.95138575E+01    0.32301851E+01
   15    0.10271976E+02    0.35665734E+01
   16    0.11048601E+02    0.39370438E+01
   17    0.11847319E+02    0.43515312E+01
   18    0.12672801E+02    0.48244819E+01
   19    0.13531361E+02    0.53780221E+01
   20    0.14431961E+02    0.60484178E+01
   21    0.15388182E+02    0.69008984E+01
   22    0.16422655E+02    0.80699652E+01
   23    0.17579319E+02    0.99027933E+01
   24    0.18973367E+02    0.13820532E+02
