    1    0.35985748E+00    0.63802751E+00
    2    0.10799504E+01    0.63869839E+00
    3    0.18011825E+01    0.64004938E+00
    4    0.25243307E+01    0.64209930E+00
    5    0.32501989E+01    0.64487734E+00
    6    0.39796304E+01    0.64842433E+00
    7    0.47135219E+01    0.65279452E+00
    8    0.54528401E+01    0.65805820E+00
    9    0.61986416E+01    0.66430528E+00
   10    0.69520978E+01    0.67165024E+00
   11    0.77145262E+01    0.68023920E+00
   12    0.84874317E+01    0.69025982E+00
   13    0.92725607E+01    0.70195586E+00
   14    0.10071976E+02    0.71564869E+00
   15    0.10888161E+02    0.73177044E+00
   16    0.11724174E+02    0.75091671E+00
   17    0.12583875E+02    0.77393428E+00
   18    0.13472289E+02    0.80207533E+00
   19    0.14396209E+02    0.83728752E+00
   20    0.15365274E+02    0.88281027E+00
   21    0.16394088E+02    0.94455490E+00
   22    0.17506985E+02    0.10348919E+01
   23    0.18751215E+02    0.11862569E+01
   24    0.20250641E+02    0.15337527E+01
