    1    0.41267269E+00    0.63802751E+00
    2    0.12384516E+01    0.63869839E+00
    3    0.20655368E+01    0.64004938E+00
    4    0.28948193E+01    0.64209930E+00
    5    0.37272210E+01    0.64487734E+00
    6    0.45637090E+01    0.64842433E+00
    7    0.54053116E+01    0.65279452E+00
    8    0.62531373E+01    0.65805820E+00
    9    0.71083979E+01    0.66430528E+00
   10    0.79724366E+01    0.67165024E+00
   11    0.88467644E+01    0.68023920E+00
   12    0.97331070E+01    0.69025982E+00
   13    0.10633467E+02    0.70195586E+00
   14    0.11550210E+02    0.71564869E+00
   15    0.12486185E+02    0.73177044E+00
   16    0.13444897E+02    0.75091671E+00
   17    0.14430773E+02    0.77393428E+00
   18    0.15449577E+02    0.80207533E+00
   19    0.16509098E+02    0.83728752E+00
   20    0.17620390E+02    0.88281027E+00
   21    0.18800199E+02    0.94455490E+00
   22    0.20076434E+02    0.10348919E+01
   23    0.21503275E+02    0.11862569E+01
   24    0.23222768E+02    0.15337527E+01
