    1    0.30362140E+00    0.63802751E+00
    2    0.91118311E+00    0.63869839E+00
    3    0.15197060E+01    0.64004938E+00
    4    0.21298455E+01    0.64209930E+00
    5    0.27422799E+01    0.64487734E+00
    6    0.33577208E+01    0.64842433E+00
    7    0.39769248E+01    0.65279452E+00
    8    0.46007073E+01    0.65805820E+00
    9    0.52299600E+01    0.66430528E+00
   10    0.58656712E+01    0.67165024E+00
   11    0.65089525E+01    0.68023920E+00
   12    0.71610736E+01    0.69025982E+00
   13    0.78235079E+01    0.70195586E+00
   14    0.84979960E+01    0.71564869E+00
   15    0.91866335E+01    0.73177044E+00
   16    0.98920001E+01    0.75091671E+00
   17    0.10617353E+02    0.77393428E+00
   18    0.11366932E+02    0.80207533E+00
   19    0.12146468E+02    0.83728752E+00
   20    0.12964093E+02    0.88281027E+00
   21    0.13832131E+02    0.94455490E+00
   22    0.14771113E+02    0.10348919E+01
   23    0.15820902E+02    0.11862569E+01
   24    0.17086009E+02    0.15337527E+01
