   2.15941258115000       0.976623203335000        1.04844565273000     
    1    0.51234408E+00    0.15149441E+00
    2    0.11765483E+01    0.35325658E+00
    3    0.18458845E+01    0.55678456E+00
    4    0.25180314E+01    0.76268532E+00
    5    0.31931786E+01    0.97187263E+00
    6    0.38719300E+01    0.11853579E+01
    7    0.45550420E+01    0.14042656E+01
    8    0.52433740E+01    0.16298686E+01
    9    0.59378861E+01    0.18636351E+01
   10    0.66396542E+01    0.21072912E+01
   11    0.73498951E+01    0.23629059E+01
   12    0.80700036E+01    0.26330088E+01
   13    0.88016018E+01    0.29207576E+01
   14    0.95466086E+01    0.32301851E+01
   15    0.10307337E+02    0.35665734E+01
   16    0.11086635E+02    0.39370438E+01
   17    0.11888103E+02    0.43515312E+01
   18    0.12716426E+02    0.48244819E+01
   19    0.13577942E+02    0.53780221E+01
   20    0.14481642E+02    0.60484178E+01
   21    0.15441155E+02    0.69008984E+01
   22    0.16479189E+02    0.80699652E+01
   23    0.17639835E+02    0.99027933E+01
   24    0.19038682E+02    0.13820532E+02
