    1    0.43216614E+00    0.63802751E+00
    2    0.12969524E+01    0.63869839E+00
    3    0.21631067E+01    0.64004938E+00
    4    0.30315620E+01    0.64209930E+00
    5    0.39032840E+01    0.64487734E+00
    6    0.47792853E+01    0.64842433E+00
    7    0.56606427E+01    0.65279452E+00
    8    0.65485172E+01    0.65805820E+00
    9    0.74441778E+01    0.66430528E+00
   10    0.83490311E+01    0.67165024E+00
   11    0.92646596E+01    0.68023920E+00
   12    0.10192870E+02    0.69025982E+00
   13    0.11135761E+02    0.70195586E+00
   14    0.12095808E+02    0.71564869E+00
   15    0.13075995E+02    0.73177044E+00
   16    0.14079994E+02    0.75091671E+00
   17    0.15112441E+02    0.77393428E+00
   18    0.16179370E+02    0.80207533E+00
   19    0.17288940E+02    0.83728752E+00
   20    0.18452725E+02    0.88281027E+00
   21    0.19688266E+02    0.94455490E+00
   22    0.21024786E+02    0.10348919E+01
   23    0.22519027E+02    0.11862569E+01
   24    0.24319743E+02    0.15337527E+01
