    1    0.33329511E+00    0.63802751E+00
    2    0.10002354E+01    0.63869839E+00
    3    0.16682308E+01    0.64004938E+00
    4    0.23380009E+01    0.64209930E+00
    5    0.30102902E+01    0.64487734E+00
    6    0.36858797E+01    0.64842433E+00
    7    0.43656001E+01    0.65279452E+00
    8    0.50503465E+01    0.65805820E+00
    9    0.57410978E+01    0.66430528E+00
   10    0.64389386E+01    0.67165024E+00
   11    0.71450895E+01    0.68023920E+00
   12    0.78609441E+01    0.69025982E+00
   13    0.85881199E+01    0.70195586E+00
   14    0.93285274E+01    0.71564869E+00
   15    0.10084467E+02    0.73177044E+00
   16    0.10858771E+02    0.75091671E+00
   17    0.11655015E+02    0.77393428E+00
   18    0.12477852E+02    0.80207533E+00
   19    0.13333574E+02    0.83728752E+00
   20    0.14231108E+02    0.88281027E+00
   21    0.15183982E+02    0.94455490E+00
   22    0.16214732E+02    0.10348919E+01
   23    0.17367121E+02    0.11862569E+01
   24    0.18755869E+02    0.15337527E+01
