   1.93030654002000       0.976623203335000        1.04844565273000     
    1    0.45798619E+00    0.15149441E+00
    2    0.10517207E+01    0.35325658E+00
    3    0.16500427E+01    0.55678456E+00
    4    0.22508772E+01    0.76268532E+00
    5    0.28543937E+01    0.97187263E+00
    6    0.34611319E+01    0.11853579E+01
    7    0.40717681E+01    0.14042656E+01
    8    0.46870706E+01    0.16298686E+01
    9    0.53078974E+01    0.18636351E+01
   10    0.59352103E+01    0.21072912E+01
   11    0.65700972E+01    0.23629059E+01
   12    0.72138047E+01    0.26330088E+01
   13    0.78677830E+01    0.29207576E+01
   14    0.85337472E+01    0.32301851E+01
   15    0.92137648E+01    0.35665734E+01
   16    0.99103825E+01    0.39370438E+01
   17    0.10626817E+02    0.43515312E+01
   18    0.11367259E+02    0.48244819E+01
   19    0.12137370E+02    0.53780221E+01
   20    0.12945191E+02    0.60484178E+01
   21    0.13802903E+02    0.69008984E+01
   22    0.14730806E+02    0.80699652E+01
   23    0.15768311E+02    0.99027933E+01
   24    0.17018745E+02    0.13820532E+02
