    1    0.32278523E+00    0.63802751E+00
    2    0.96869475E+00    0.63869839E+00
    3    0.16156261E+01    0.64004938E+00
    4    0.22642761E+01    0.64209930E+00
    5    0.29153659E+01    0.64487734E+00
    6    0.35696519E+01    0.64842433E+00
    7    0.42279385E+01    0.65279452E+00
    8    0.48910927E+01    0.65805820E+00
    9    0.55600623E+01    0.66430528E+00
   10    0.62358980E+01    0.67165024E+00
   11    0.69197816E+01    0.68023920E+00
   12    0.76130629E+01    0.69025982E+00
   13    0.83173085E+01    0.70195586E+00
   14    0.90343686E+01    0.71564869E+00
   15    0.97664712E+01    0.73177044E+00
   16    0.10516359E+02    0.75091671E+00
   17    0.11287494E+02    0.77393428E+00
   18    0.12084384E+02    0.80207533E+00
   19    0.12913123E+02    0.83728752E+00
   20    0.13782355E+02    0.88281027E+00
   21    0.14705181E+02    0.94455490E+00
   22    0.15703429E+02    0.10348919E+01
   23    0.16819479E+02    0.11862569E+01
   24    0.18164436E+02    0.15337527E+01
