    1    0.38321279E+00    0.63802751E+00
    2    0.11500409E+01    0.63869839E+00
    3    0.19180821E+01    0.64004938E+00
    4    0.26881637E+01    0.64209930E+00
    5    0.34611419E+01    0.64487734E+00
    6    0.42379147E+01    0.64842433E+00
    7    0.50194369E+01    0.65279452E+00
    8    0.58067380E+01    0.65805820E+00
    9    0.66009432E+01    0.66430528E+00
   10    0.74032998E+01    0.67165024E+00
   11    0.82152111E+01    0.68023920E+00
   12    0.90382793E+01    0.69025982E+00
   13    0.98743644E+01    0.70195586E+00
   14    0.10725663E+02    0.71564869E+00
   15    0.11594820E+02    0.73177044E+00
   16    0.12485092E+02    0.75091671E+00
   17    0.13400589E+02    0.77393428E+00
   18    0.14346662E+02    0.80207533E+00
   19    0.15330546E+02    0.83728752E+00
   20    0.16362504E+02    0.88281027E+00
   21    0.17458090E+02    0.94455490E+00
   22    0.18643216E+02    0.10348919E+01
   23    0.19968198E+02    0.11862569E+01
   24    0.21564940E+02    0.15337527E+01
