   2.12898057844000       0.976623203335000        1.04844565273000     
    1    0.50512376E+00    0.15149441E+00
    2    0.11599676E+01    0.35325658E+00
    3    0.18198709E+01    0.55678456E+00
    4    0.24825455E+01    0.76268532E+00
    5    0.31481781E+01    0.97187263E+00
    6    0.38173640E+01    0.11853579E+01
    7    0.44908491E+01    0.14042656E+01
    8    0.51694806E+01    0.16298686E+01
    9    0.58542052E+01    0.18636351E+01
   10    0.65460834E+01    0.21072912E+01
   11    0.72463151E+01    0.23629059E+01
   12    0.79562752E+01    0.26330088E+01
   13    0.86775633E+01    0.29207576E+01
   14    0.94120709E+01    0.32301851E+01
   15    0.10162078E+02    0.35665734E+01
   16    0.10930394E+02    0.39370438E+01
   17    0.11720567E+02    0.43515312E+01
   18    0.12537217E+02    0.48244819E+01
   19    0.13386592E+02    0.53780221E+01
   20    0.14277557E+02    0.60484178E+01
   21    0.15223548E+02    0.69008984E+01
   22    0.16246953E+02    0.80699652E+01
   23    0.17391242E+02    0.99027933E+01
   24    0.18770375E+02    0.13820532E+02
