  625    0.23971931E+02    0.22200340E+02
   -0.51992782E-01    0.30880341E-01
   -0.14570867E+00    0.93892847E-01
   -0.50425586E-01   -0.44536206E-02
    0.31987047E+00   -0.33484683E+00
    0.36190278E+00   -0.46242803E+00
   -0.26063977E+00   -0.94358891E-01
   -0.54930917E+00    0.17211189E-01
    0.14106955E+00   -0.68758229E+00
    0.68067134E+00   -0.11245407E+01
    0.45132519E+00   -0.68703910E+00
    0.12818291E+00   -0.20197043E+00
    0.21686975E-01   -0.39277950E-01
    0.42332647E-02   -0.93196197E-02
    0.80829632E-03   -0.23552574E-02
   -0.12101804E-03   -0.22856734E-03
   -0.66844186E-04   -0.28001383E-04
    0.28617765E-04   -0.93197738E-04
    0.32338169E-04   -0.76823875E-04
    0.99722831E-05   -0.22574279E-04
    0.11956085E-05   -0.25858053E-05
    0.55435270E-07   -0.11382229E-06
    0.87214992E-09   -0.16928710E-08
    0.33484114E-11   -0.61257744E-11
    0.13122015E-14   -0.21858861E-14
   -0.64166336E-01    0.42289985E-01
   -0.12327735E+00    0.94882137E-01
   -0.60025360E-01    0.75597822E-02
    0.11377457E+00   -0.20832662E+00
    0.53224450E-01   -0.25064975E+00
   -0.35228323E+00   -0.18692436E-01
   -0.53956912E+00   -0.12219059E-01
   -0.16832524E+00   -0.48858732E+00
    0.19110686E+00   -0.73522847E+00
    0.16847009E+00   -0.43552931E+00
    0.50556050E-01   -0.12782997E+00
    0.83362274E-02   -0.26138771E-01
    0.15915815E-02   -0.66888736E-02
    0.18548712E-03   -0.16816828E-02
   -0.17642361E-03   -0.14944381E-03
   -0.63705492E-04   -0.27616289E-04
    0.18940529E-04   -0.84799484E-04
    0.22496654E-04   -0.66191579E-04
    0.69637074E-05   -0.18882484E-04
    0.84805321E-06   -0.21271522E-05
    0.40100236E-07   -0.92708705E-07
    0.64303052E-09   -0.13701511E-08
    0.25111641E-11   -0.49349914E-11
    0.93836728E-15   -0.17298101E-14
   -0.19632235E-01    0.51350177E-01
   -0.19923538E+00    0.22536401E+00
   -0.84937833E-01    0.31701312E-01
    0.11197498E+00   -0.30131006E+00
   -0.93028081E-01   -0.20242198E+00
   -0.46833992E+00    0.62967880E-01
   -0.52871061E+00   -0.10427712E+00
   -0.31247052E+00   -0.48888693E+00
   -0.10578662E+00   -0.51242884E+00
   -0.19586902E-01   -0.24943551E+00
   -0.41242726E-02   -0.67140828E-01
   -0.20205624E-02   -0.14356801E-01
   -0.77078268E-03   -0.40123146E-02
   -0.36639507E-03   -0.96565794E-03
   -0.20299004E-03   -0.73034841E-04
   -0.57417882E-04   -0.28003573E-04
    0.21409667E-05   -0.70266784E-04
    0.83585437E-05   -0.50384637E-04
    0.30168248E-05   -0.13711810E-04
    0.41052723E-06   -0.15020323E-05
    0.21095251E-07   -0.64320422E-07
    0.35972816E-09   -0.93937084E-09
    0.14707311E-11   -0.33540553E-11
    0.57731866E-15   -0.11632209E-14
   -0.13445525E+00    0.15086823E+00
   -0.31272383E+00    0.32370994E+00
    0.50239735E-01   -0.14788349E+00
    0.36233301E+00   -0.63040425E+00
   -0.13716937E+00   -0.23142164E+00
   -0.62675551E+00    0.13062380E+00
   -0.41313031E+00   -0.35858575E+00
   -0.88978673E-01   -0.78441407E+00
   -0.20752696E-01   -0.55401703E+00
   -0.20302182E-01   -0.19566097E+00
   -0.10384086E-01   -0.42997800E-01
   -0.39508339E-02   -0.90914651E-02
   -0.14333799E-02   -0.25615068E-02
   -0.50210010E-03   -0.52979904E-03
   -0.17344404E-03   -0.32521814E-04
   -0.50042890E-04   -0.29511764E-04
   -0.15587444E-04   -0.54965419E-04
   -0.41699442E-05   -0.34805818E-04
   -0.16527513E-06   -0.88198421E-05
    0.71027906E-07   -0.92419948E-06
    0.64339533E-08   -0.38431585E-07
    0.13886027E-09   -0.54978546E-09
    0.64502438E-12   -0.19324718E-11
    0.27513850E-15   -0.66204453E-15
   -0.36434577E+00    0.25843193E+00
   -0.26562319E+00    0.16918641E+00
    0.27866023E+00   -0.46093136E+00
    0.36907643E+00   -0.70275466E+00
   -0.42149273E+00   -0.45150944E-01
   -0.71492103E+00    0.49438240E-01
   -0.95308304E-01   -0.78580692E+00
    0.28955329E+00   -0.10783389E+01
    0.17374257E+00   -0.59285775E+00
    0.37771214E-01   -0.17254445E+00
    0.23408129E-02   -0.35045027E-01
   -0.11006972E-02   -0.80119524E-02
   -0.74733961E-03   -0.21371908E-02
   -0.32843171E-03   -0.33720382E-03
   -0.11720316E-03   -0.19514333E-04
   -0.41590675E-04   -0.35719183E-04
   -0.25494188E-04   -0.46047529E-04
   -0.10344114E-04   -0.23794612E-04
   -0.16370175E-05   -0.53194762E-05
   -0.88321275E-07   -0.51439377E-06
   -0.81195238E-09   -0.20266705E-07
    0.23021698E-10   -0.27905224E-09
    0.18748899E-12   -0.95301129E-12
    0.98332287E-16   -0.31887899E-15
   -0.37469386E+00    0.18411715E+00
   -0.10743063E+00   -0.77159821E-01
    0.20135717E+00   -0.46241076E+00
   -0.13870368E+00   -0.28728005E+00
   -0.77285191E+00    0.13843354E+00
   -0.50362531E+00   -0.33111091E+00
    0.28380695E+00   -0.11306315E+01
    0.47566491E+00   -0.10451065E+01
    0.22590861E+00   -0.46468118E+00
    0.55576820E-01   -0.12303811E+00
    0.10031000E-01   -0.27687625E-01
    0.18429911E-02   -0.76186083E-02
    0.11920990E-03   -0.18690427E-02
   -0.13783763E-03   -0.21035524E-03
   -0.64418361E-04   -0.24751762E-04
   -0.26165904E-04   -0.53962683E-04
   -0.22593408E-04   -0.46440177E-04
   -0.96719421E-05   -0.17951533E-04
   -0.16136488E-05   -0.32701486E-05
   -0.10535459E-06   -0.27456745E-06
   -0.24135912E-08   -0.98067041E-08
   -0.12844474E-10   -0.12591199E-09
    0.16278710E-13   -0.40825929E-12
    0.23747160E-16   -0.13101080E-15
   -0.18538633E+00    0.30959471E-01
   -0.99033877E-01   -0.11288767E+00
   -0.22481671E+00   -0.14002694E+00
   -0.65049632E+00    0.53487621E-01
   -0.72019971E+00   -0.89007776E-01
   -0.94619541E-01   -0.75523493E+00
    0.43518048E+00   -0.10743196E+01
    0.38393764E+00   -0.70578869E+00
    0.15350052E+00   -0.26244275E+00
    0.40534521E-01   -0.70233203E-01
    0.10665567E-01   -0.19969141E-01
    0.29466367E-02   -0.62615433E-02
    0.42322092E-03   -0.12790440E-02
   -0.56444804E-04   -0.95775029E-04
   -0.13443247E-04   -0.56934148E-04
    0.18489665E-05   -0.86800257E-04
   -0.90655547E-05   -0.52243105E-04
   -0.51990450E-05   -0.14976251E-04
   -0.92619473E-06   -0.21309126E-05
   -0.63796889E-07   -0.14718080E-06
   -0.16423062E-08   -0.45280037E-08
   -0.12854987E-10   -0.51956470E-10
   -0.16661278E-13   -0.15469193E-12
    0.22454683E-17   -0.46393625E-16
   -0.30172309E+00   -0.10114154E-01
   -0.41977597E+00   -0.14307014E-01
   -0.65050957E+00    0.20018219E-01
   -0.73785913E+00   -0.63151948E-01
   -0.39139485E+00   -0.43187757E+00
    0.12204025E+00   -0.76533444E+00
    0.30773960E+00   -0.66815216E+00
    0.19486600E+00   -0.33643916E+00
    0.72267774E-01   -0.11505913E+00
    0.23126016E-01   -0.36334913E-01
    0.81638405E-02   -0.13109234E-01
    0.23096373E-02   -0.39341365E-02
    0.24513808E-03   -0.57376468E-03
   -0.19259816E-04   -0.52457858E-04
    0.46761447E-04   -0.12059185E-03
    0.37042877E-04   -0.12238726E-03
    0.65856991E-05   -0.55040954E-04
   -0.72892695E-06   -0.12258881E-04
   -0.28672326E-06   -0.13889258E-05
   -0.23555664E-07   -0.78232281E-07
   -0.66712558E-09   -0.20165032E-08
   -0.58945447E-11   -0.19955687E-10
   -0.10769357E-13   -0.52653303E-13
   -0.96623214E-18   -0.14289968E-16
   -0.77249996E+00   -0.14787745E-02
   -0.81935699E+00   -0.14595711E-02
   -0.79260708E+00   -0.52816662E-01
   -0.55419582E+00   -0.21671373E+00
   -0.17404981E+00   -0.40553956E+00
    0.86763613E-01   -0.42519993E+00
    0.12493808E+00   -0.27309078E+00
    0.69291561E-01   -0.12011805E+00
    0.28671141E-01   -0.45299468E-01
    0.12143203E-01   -0.18511629E-01
    0.46912476E-02   -0.71179689E-02
    0.10348035E-02   -0.16700196E-02
    0.36157920E-04   -0.15060480E-03
    0.49390373E-04   -0.10876841E-03
    0.10793746E-03   -0.19306925E-03
    0.62831223E-04   -0.13864102E-03
    0.15506288E-04   -0.48580231E-04
    0.15631269E-05   -0.87668191E-05
    0.31645700E-07   -0.82097719E-06
   -0.33868633E-08   -0.38632006E-07
   -0.15369604E-09   -0.83920552E-09
   -0.16328714E-11   -0.70800861E-11
   -0.35297033E-14   -0.16167242E-13
   -0.53668190E-18   -0.38534931E-17
   -0.78578093E+00   -0.10947166E-01
   -0.71042694E+00   -0.26681711E-01
   -0.53498221E+00   -0.76229806E-01
   -0.28847340E+00   -0.14638097E+00
   -0.77264985E-01   -0.17761963E+00
    0.20973487E-01   -0.14113441E+00
    0.32832336E-01   -0.79782825E-01
    0.20567985E-01   -0.37955480E-01
    0.11178519E-01   -0.18318632E-01
    0.54566880E-02   -0.84617213E-02
    0.17462694E-02   -0.27200576E-02
    0.19711926E-03   -0.40915238E-03
    0.23732335E-04   -0.88053854E-04
    0.13936639E-03   -0.21336458E-03
    0.14286321E-03   -0.23077813E-03
    0.65852712E-04   -0.12250924E-03
    0.15242286E-04   -0.34242323E-04
    0.17636168E-05   -0.51352953E-05
    0.94987051E-07   -0.40875194E-06
    0.19120633E-08   -0.16517568E-07
    0.84248374E-12   -0.30902800E-09
   -0.20643272E-12   -0.22455568E-11
   -0.65959744E-15   -0.44193335E-14
   -0.13363152E-18   -0.90848748E-18
   -0.34363303E+00   -0.10039628E-01
   -0.28655159E+00   -0.17829904E-01
   -0.18992781E+00   -0.32904100E-01
   -0.91166457E-01   -0.45829265E-01
   -0.25533941E-01   -0.45383573E-01
    0.14465109E-02   -0.33707333E-01
    0.70059218E-02   -0.21249772E-01
    0.61227110E-02   -0.12783065E-01
    0.39114257E-02   -0.70018536E-02
    0.16278837E-02   -0.27975420E-02
    0.29032910E-03   -0.61195748E-03
    0.95126595E-05   -0.10164008E-03
    0.12607185E-03   -0.19569835E-03
    0.19305207E-03   -0.28037756E-03
    0.13269546E-03   -0.20614118E-03
    0.48919849E-04   -0.83335273E-04
    0.98974079E-05   -0.18875831E-04
    0.10813572E-05   -0.23873341E-05
    0.60844976E-07   -0.16423786E-06
    0.16063033E-08   -0.58114408E-08
    0.16559524E-10   -0.95608040E-10
    0.41204250E-13   -0.60948842E-12
   -0.28914740E-16   -0.10449924E-14
   -0.16882397E-19   -0.18488509E-18
   -0.75141356E-01   -0.33755497E-02
   -0.61058999E-01   -0.50806287E-02
   -0.39539873E-01   -0.77152591E-02
   -0.19720751E-01   -0.95994689E-02
   -0.69709207E-02   -0.96387328E-02
   -0.86310489E-03   -0.82901925E-02
    0.13351247E-02   -0.63553524E-02
    0.15333347E-02   -0.41008230E-02
    0.83547234E-03   -0.19220811E-02
    0.18481830E-03   -0.54553002E-03
    0.40276760E-05   -0.12377453E-03
    0.10212240E-03   -0.17636479E-03
    0.19765419E-03   -0.28141828E-03
    0.17630698E-03   -0.25641533E-03
    0.89426466E-04   -0.13674812E-03
    0.26604132E-04   -0.43145441E-04
    0.46130585E-05   -0.80270375E-05
    0.45416272E-06   -0.86461695E-06
    0.24179451E-07   -0.51912436E-07
    0.64163450E-09   -0.16273919E-08
    0.74027123E-11   -0.23887151E-10
    0.29017844E-13   -0.13582862E-12
    0.22626284E-16   -0.20615058E-15
    0.27395313E-21   -0.31708870E-19
   -0.13414510E-01   -0.84931468E-03
   -0.11403803E-01   -0.11808670E-02
   -0.82258962E-02   -0.17152122E-02
   -0.49820567E-02   -0.22179676E-02
   -0.24003325E-02   -0.24609016E-02
   -0.73908017E-03   -0.22852600E-02
    0.18289622E-04   -0.16743887E-02
    0.12506085E-03   -0.88128675E-03
    0.14841621E-04   -0.30708237E-03
   -0.56117023E-05   -0.11420871E-03
    0.83183602E-04   -0.16149043E-03
    0.17165988E-03   -0.25266104E-03
    0.17760591E-03   -0.25669925E-03
    0.11152476E-03   -0.16478296E-03
    0.43683553E-04   -0.66520922E-04
    0.10625348E-04   -0.16762789E-04
    0.15750506E-05   -0.25957924E-05
    0.13762860E-06   -0.24007598E-06
    0.67255677E-08   -0.12660350E-07
    0.16942839E-09   -0.35403388E-09
    0.19330754E-11   -0.46776052E-11
    0.80059607E-14   -0.24004247E-13
    0.77902378E-17   -0.32715507E-16
    0.56254597E-21   -0.44404286E-20
   -0.34620747E-02   -0.25830886E-03
   -0.30432455E-02   -0.33496135E-03
   -0.23220382E-02   -0.45790332E-03
   -0.14934091E-02   -0.56340302E-03
   -0.77164073E-03   -0.57284036E-03
   -0.30853562E-03   -0.45094232E-03
   -0.10990403E-03   -0.26092732E-03
   -0.51720618E-04   -0.11958073E-03
   -0.66719393E-05   -0.88123198E-04
    0.63814566E-04   -0.13996435E-03
    0.12808591E-03   -0.20561073E-03
    0.14242971E-03   -0.21531756E-03
    0.10258759E-03   -0.15387291E-03
    0.48821287E-04   -0.73681955E-04
    0.15261590E-04   -0.23318542E-04
    0.30845061E-05   -0.47982588E-05
    0.39291837E-06   -0.62684480E-06
    0.30367085E-07   -0.50181264E-07
    0.13464836E-08   -0.23364258E-08
    0.31522882E-10   -0.58538841E-10
    0.34262653E-12   -0.69981985E-12
    0.13937212E-14   -0.32647284E-14
    0.13997575E-17   -0.40371950E-17
    0.11878593E-21   -0.49032516E-21
   -0.70823387E-03   -0.57901824E-04
   -0.60329738E-03   -0.70169458E-04
   -0.43542589E-03   -0.84042284E-04
   -0.26358712E-03   -0.88290781E-04
   -0.13794134E-03   -0.76037187E-04
   -0.71388683E-04   -0.55518713E-04
   -0.37739474E-04   -0.47905623E-04
   -0.53569859E-05   -0.66852043E-04
    0.36607948E-04   -0.10761444E-03
    0.75240146E-04   -0.14599258E-03
    0.88515974E-04   -0.15042442E-03
    0.70247259E-04   -0.11297342E-03
    0.38532837E-04   -0.60368386E-04
    0.14556931E-04   -0.22528566E-04
    0.37369950E-05   -0.57638544E-05
    0.63855397E-06   -0.98875845E-06
    0.70523555E-07   -0.11044270E-06
    0.48310792E-08   -0.77168612E-08
    0.19366017E-09   -0.31886127E-09
    0.41745190E-11   -0.71833200E-11
    0.42530863E-13   -0.77957823E-13
    0.16533058E-15   -0.33203204E-15
    0.16272544E-18   -0.37500631E-18
    0.14180561E-22   -0.41185693E-22
   -0.65177455E-04   -0.79076709E-05
   -0.59612161E-04   -0.87084368E-05
   -0.50985942E-04   -0.11252958E-04
   -0.43568965E-04   -0.15074771E-04
   -0.38340099E-04   -0.20404824E-04
   -0.30171640E-04   -0.30865524E-04
   -0.14654322E-04   -0.48554311E-04
    0.67442187E-05   -0.69698954E-04
    0.27340761E-04   -0.84981253E-04
    0.37777102E-04   -0.83603379E-04
    0.33702587E-04   -0.63634592E-04
    0.21005020E-04   -0.36362488E-04
    0.92749417E-05   -0.15253534E-04
    0.28875083E-05   -0.46033788E-05
    0.62463897E-06   -0.97800281E-06
    0.91800087E-07   -0.14252769E-06
    0.88825096E-08   -0.13788229E-07
    0.54204831E-09   -0.84805772E-09
    0.19653231E-10   -0.31267437E-10
    0.38864408E-12   -0.63555360E-12
    0.36822527E-14   -0.62774103E-14
    0.13497318E-16   -0.24473841E-16
    0.12727336E-19   -0.25344022E-19
    0.10881140E-23   -0.25344904E-23
   -0.41027206E-04   -0.56728138E-05
   -0.40866755E-04   -0.69349726E-05
   -0.39995558E-04   -0.96468375E-05
   -0.37901236E-04   -0.13504114E-04
   -0.32948661E-04   -0.18992602E-04
   -0.23525102E-04   -0.26621274E-04
   -0.11061266E-04   -0.34207200E-04
    0.63465883E-06   -0.37811710E-04
    0.80427049E-05   -0.34895239E-04
    0.97296756E-05   -0.26190237E-04
    0.72459346E-05   -0.15527953E-04
    0.37612002E-05   -0.70796096E-05
    0.13951180E-05   -0.24247421E-05
    0.36940834E-06   -0.61014786E-06
    0.68902989E-07   -0.11013708E-06
    0.88516360E-08   -0.13865956E-07
    0.75852956E-09   -0.11757872E-08
    0.41501843E-10   -0.64192991E-10
    0.13647557E-11   -0.21237323E-11
    0.24744905E-13   -0.39091072E-13
    0.21721677E-15   -0.35223623E-15
    0.74535504E-18   -0.12594133E-17
    0.66518364E-21   -0.11984936E-20
    0.54566657E-25   -0.10958146E-24
   -0.29212568E-04   -0.36178260E-05
   -0.28551928E-04   -0.42536427E-05
   -0.26814415E-04   -0.53772727E-05
   -0.23446027E-04   -0.68804902E-05
   -0.18155509E-04   -0.87534127E-05
   -0.11603760E-04   -0.10529250E-04
   -0.54289513E-05   -0.11157003E-04
   -0.11095691E-05   -0.99734275E-05
    0.94286190E-06   -0.73829000E-05
    0.12894398E-05   -0.44589244E-05
    0.86657177E-06   -0.21539361E-05
    0.39248958E-06   -0.81327611E-06
    0.12655085E-06   -0.23447057E-06
    0.29258118E-07   -0.50412786E-07
    0.48002607E-08   -0.78806114E-08
    0.54705381E-09   -0.86965523E-09
    0.41955972E-10   -0.65344076E-10
    0.20725468E-11   -0.31918234E-11
    0.62057530E-13   -0.95283173E-13
    0.10329490E-14   -0.15942053E-14
    0.83900804E-17   -0.13136522E-16
    0.26844277E-19   -0.43143555E-19
    0.22509399E-22   -0.37780997E-22
    0.17488976E-26   -0.31652893E-26
   -0.93130538E-05   -0.10928892E-05
   -0.89047405E-05   -0.11828522E-05
   -0.79704205E-05   -0.13450085E-05
   -0.64525152E-05   -0.15603683E-05
   -0.45337272E-05   -0.17752055E-05
   -0.26346630E-05   -0.18571746E-05
   -0.11779689E-05   -0.16811853E-05
   -0.33171359E-06   -0.12719237E-05
    0.14138179E-07   -0.79224596E-06
    0.82353806E-07   -0.40216910E-06
    0.55197088E-07   -0.16409964E-06
    0.22793469E-07   -0.52823674E-07
    0.65756462E-08   -0.13124684E-07
    0.13565989E-08   -0.24578205E-08
    0.19911388E-09   -0.33792041E-09
    0.20393643E-10   -0.33090323E-10
    0.14134682E-11   -0.22241724E-11
    0.63474097E-13   -0.97902379E-13
    0.17382188E-14   -0.26510468E-14
    0.26619266E-16   -0.40466039E-16
    0.20008186E-18   -0.30566855E-18
    0.59569795E-21   -0.92346265E-21
    0.46720132E-24   -0.74482762E-24
    0.34093097E-28   -0.57235048E-28
   -0.12261144E-05   -0.14332674E-06
   -0.11408398E-05   -0.14514624E-06
   -0.97004736E-06   -0.14950859E-06
   -0.73232415E-06   -0.15560915E-06
   -0.47493312E-06   -0.15731900E-06
   -0.25516178E-06   -0.14491489E-06
   -0.10809568E-06   -0.11497574E-06
   -0.32469684E-07   -0.76014898E-07
   -0.41646165E-08   -0.41228350E-07
    0.21081358E-08   -0.18174650E-07
    0.17246651E-08   -0.64426405E-08
    0.68330762E-09   -0.18089091E-08
    0.18119310E-09   -0.39451697E-09
    0.33982684E-10   -0.65318655E-10
    0.45258865E-11   -0.79961961E-11
    0.42125780E-12   -0.70180529E-12
    0.26612325E-13   -0.42536716E-13
    0.10933062E-14   -0.16977667E-14
    0.27501251E-16   -0.41895891E-16
    0.38846088E-18   -0.58537269E-18
    0.27041365E-20   -0.40622428E-20
    0.74844819E-23   -0.11303379E-22
    0.54741346E-26   -0.84014048E-26
    0.37297077E-30   -0.59222803E-30
   -0.60927147E-07   -0.73288335E-08
   -0.55337727E-07   -0.70910363E-08
   -0.45027289E-07   -0.67404627E-08
   -0.32090387E-07   -0.63345133E-08
   -0.19511851E-07   -0.57191413E-08
   -0.98339226E-08   -0.46925767E-08
   -0.39597560E-08   -0.33208790E-08
   -0.11917407E-08   -0.19599683E-08
   -0.21856110E-09   -0.94759316E-09
    0.76126054E-11   -0.37138595E-09
    0.22766641E-10   -0.11684593E-09
    0.93462427E-11   -0.29134631E-10
    0.23456326E-11   -0.56592165E-11
    0.40682457E-12   -0.83814065E-12
    0.49761287E-13   -0.92232079E-13
    0.42480549E-14   -0.73121934E-14
    0.24636003E-15   -0.40217394E-15
    0.93092743E-17   -0.14627588E-16
    0.21591192E-18   -0.33018706E-18
    0.28195388E-20   -0.42340395E-20
    0.18193287E-22   -0.27038340E-22
    0.46784898E-25   -0.69347998E-25
    0.31838971E-28   -0.47499228E-28
    0.20160759E-32   -0.30695130E-32
   -0.98870696E-09   -0.12474780E-09
   -0.88049108E-09   -0.11689836E-09
   -0.69117452E-09   -0.10431791E-09
   -0.47000725E-09   -0.89678754E-10
   -0.27110850E-09   -0.73011897E-10
   -0.12956827E-09   -0.53888568E-10
   -0.49839168E-10   -0.34411770E-10
   -0.14729225E-10   -0.18378407E-10
   -0.29956224E-11   -0.80433141E-11
   -0.23943478E-12   -0.28485910E-11
    0.93615535E-13   -0.80800681E-12
    0.47077766E-13   -0.18140073E-12
    0.11621211E-13   -0.31738631E-13
    0.18972533E-14   -0.42424201E-14
    0.21542959E-15   -0.42261174E-15
    0.16993697E-16   -0.30432822E-16
    0.90967053E-18   -0.15255038E-17
    0.31742700E-19   -0.50728547E-19
    0.68064849E-21   -0.10499168E-20
    0.82295015E-23   -0.12374167E-22
    0.49236187E-25   -0.72761098E-25
    0.11752473E-27   -0.17198204E-27
    0.74242552E-31   -0.10844781E-30
    0.43498223E-35   -0.64128397E-35
   -0.37704180E-11   -0.50621891E-12
   -0.33038133E-11   -0.46306810E-12
   -0.25174079E-11   -0.39277350E-12
   -0.16458789E-11   -0.31271049E-12
   -0.90789380E-12   -0.23179855E-12
   -0.41443216E-12   -0.15501441E-12
   -0.15289850E-12   -0.89912192E-13
   -0.44036633E-13   -0.43776648E-13
   -0.92435177E-14   -0.17496171E-13
   -0.11355533E-14   -0.56552041E-14
    0.40542768E-16   -0.14610763E-14
    0.57152365E-16   -0.29813929E-15
    0.14816896E-16   -0.47354423E-16
    0.23269060E-17   -0.57466001E-17
    0.24781130E-18   -0.52035527E-18
    0.18165155E-19   -0.34128847E-19
    0.90046468E-21   -0.15617431E-20
    0.29067363E-22   -0.47517920E-22
    0.57659416E-24   -0.90170572E-24
    0.64519594E-26   -0.97602591E-26
    0.35740525E-28   -0.52766037E-28
    0.78988755E-31   -0.11468151E-30
    0.46142947E-34   -0.66371049E-34
    0.24871118E-38   -0.35762518E-38
   -0.13460723E-14   -0.19584101E-15
   -0.11629565E-14   -0.17559642E-15
   -0.86319969E-15   -0.14259249E-15
   -0.54487150E-15   -0.10598045E-15
   -0.28860823E-15   -0.71926952E-16
   -0.12625415E-15   -0.43674445E-16
   -0.44737653E-16   -0.23010459E-16
   -0.12499698E-16   -0.10212490E-16
   -0.26286239E-17   -0.37308183E-17
   -0.37180941E-18   -0.11029363E-17
   -0.19874897E-19   -0.26029902E-18
    0.54078930E-20   -0.48412384E-19
    0.17518579E-20   -0.69934195E-20
    0.27401550E-21   -0.77073939E-21
    0.27675154E-22   -0.63355149E-22
    0.18905344E-23   -0.37740329E-23
    0.86701443E-25   -0.15702814E-24
    0.25811845E-26   -0.43501336E-26
    0.47158474E-28   -0.75258941E-28
    0.48572077E-30   -0.74342219E-30
    0.24752516E-32   -0.36692485E-32
    0.50270628E-35   -0.72753995E-35
    0.26914771E-38   -0.38301133E-38
    0.13196226E-42   -0.18604438E-42
