  625    0.23971931E+02    0.22200340E+02
    0.77561757E-02   -0.61683012E-02
   -0.52648272E-02   -0.71344928E-02
   -0.18823380E-01   -0.75120551E-02
   -0.21431120E-01   -0.57586811E-02
   -0.12755287E-01   -0.27150970E-02
   -0.45971949E-02   -0.11028471E-02
   -0.82059756E-02   -0.15296655E-02
   -0.16290122E-01   -0.18407790E-02
   -0.14464468E-01   -0.11119383E-02
   -0.62819471E-02   -0.35329167E-03
   -0.14569361E-02   -0.60887898E-04
   -0.23958090E-03   -0.61237615E-05
   -0.49419714E-04   -0.87684130E-06
   -0.11314886E-04   -0.13930165E-06
   -0.15234617E-05    0.65399930E-07
   -0.28626800E-06    0.65808817E-08
   -0.23989459E-06    0.54484769E-10
   -0.15969962E-06   -0.30841589E-09
   -0.43456832E-07    0.31690144E-09
   -0.46141922E-08    0.10282959E-09
   -0.18578679E-09    0.71103809E-11
   -0.24882243E-11    0.13224048E-12
   -0.79064773E-14    0.28299521E-15
    0.32671585E-16   -0.27401941E-15
    0.25634119E-02   -0.14439820E-01
   -0.15738636E-01   -0.17853239E-01
   -0.41599041E-01   -0.19922235E-01
   -0.57262353E-01   -0.15716909E-01
   -0.47089659E-01   -0.74965241E-02
   -0.28065453E-01   -0.36419290E-02
   -0.39472868E-01   -0.56985273E-02
   -0.65449182E-01   -0.64916058E-02
   -0.55825695E-01   -0.37121901E-02
   -0.23865924E-01   -0.11244615E-02
   -0.55631226E-02   -0.18459142E-03
   -0.96754490E-03   -0.17662665E-04
   -0.21388137E-03   -0.27490813E-05
   -0.49079583E-04   -0.25457645E-06
   -0.67251980E-05    0.32359935E-06
   -0.14177011E-05    0.35684517E-07
   -0.12320420E-05   -0.19006456E-08
   -0.78789662E-06   -0.19174037E-08
   -0.20514411E-06    0.15120608E-08
   -0.21095198E-07    0.46437350E-09
   -0.83026533E-09    0.31106213E-10
   -0.10934531E-10    0.56659905E-12
   -0.34477072E-13    0.22083165E-14
   -0.12135837E-16    0.16530796E-16
   -0.35929027E-01   -0.57913625E-02
   -0.11486280E-01   -0.16436314E-01
   -0.69279958E-02   -0.23216805E-01
   -0.44579702E-01   -0.17086125E-01
   -0.77665045E-01   -0.63420628E-02
   -0.76254239E-01   -0.44228223E-02
   -0.87104276E-01   -0.93300980E-02
   -0.10858670E+00   -0.95533853E-02
   -0.82968099E-01   -0.47923462E-02
   -0.33702778E-01   -0.12826805E-02
   -0.78847001E-02   -0.18541840E-03
   -0.15194276E-02   -0.15234135E-04
   -0.37318704E-03   -0.23428740E-05
   -0.84953822E-04    0.30015396E-06
   -0.12193714E-04    0.60454107E-06
   -0.32235706E-05    0.10037910E-06
   -0.28903219E-05    0.11490818E-07
   -0.17051597E-05    0.25077913E-08
   -0.41169779E-06    0.40641113E-08
   -0.40073756E-07    0.91380483E-09
   -0.15158505E-08    0.55689922E-10
   -0.19381091E-10    0.96677946E-12
   -0.59711484E-13    0.36531276E-14
   -0.17454751E-16    0.12939004E-17
    0.33795784E-01    0.11376719E-02
   -0.25592619E-02   -0.34583828E-01
   -0.37679096E-01   -0.53159306E-01
   -0.75956960E-01   -0.32642246E-01
   -0.11864580E+00   -0.84372362E-02
   -0.14361537E+00   -0.94568778E-02
   -0.15647742E+00   -0.18819029E-01
   -0.14358971E+00   -0.15551835E-01
   -0.86874812E-01   -0.63595960E-02
   -0.30945782E-01   -0.14093286E-02
   -0.71644063E-02   -0.17813548E-03
   -0.15868445E-02   -0.15447614E-04
   -0.43243060E-03   -0.15299794E-05
   -0.95906206E-04    0.83335285E-06
   -0.15219435E-04    0.63115681E-06
   -0.53799186E-05    0.16472886E-06
   -0.48921880E-05    0.64347646E-07
   -0.25813569E-05    0.25413939E-07
   -0.56455570E-06    0.86865673E-08
   -0.51051937E-07    0.12871130E-08
   -0.18282622E-08    0.66719934E-10
   -0.22419174E-10    0.10659190E-11
   -0.66827639E-13    0.38239712E-14
   -0.18914291E-16    0.12093958E-17
    0.47832314E-01    0.99447969E-01
   -0.14829541E+00   -0.36683625E-03
   -0.24907555E+00   -0.74219405E-01
   -0.18948814E+00   -0.64423197E-01
   -0.16566222E+00   -0.38130394E-01
   -0.23300815E+00   -0.43334703E-01
   -0.25910669E+00   -0.47298292E-01
   -0.18366218E+00   -0.29023073E-01
   -0.81603453E-01   -0.98112613E-02
   -0.23454024E-01   -0.19345477E-02
   -0.52986665E-02   -0.26311892E-03
   -0.13560837E-02   -0.36754268E-04
   -0.38925751E-03   -0.50379648E-05
   -0.82734156E-04    0.39844892E-06
   -0.15638545E-04    0.40647712E-06
   -0.75033350E-05    0.17237609E-06
   -0.67075104E-05    0.13522034E-06
   -0.30863365E-05    0.57979055E-07
   -0.60048689E-06    0.13115075E-07
   -0.49674737E-07    0.13997491E-08
   -0.16618782E-08    0.60107202E-10
   -0.19322756E-10    0.85905184E-12
   -0.55179531E-13    0.28646711E-14
   -0.15054828E-16    0.85646758E-18
   -0.40969549E+00    0.45445981E+00
   -0.52453122E+00    0.20238599E+00
   -0.43169978E+00   -0.57005444E-01
   -0.20054248E+00   -0.16261309E+00
   -0.19174753E+00   -0.16468817E+00
   -0.35135602E+00   -0.13911801E+00
   -0.35852525E+00   -0.93084870E-01
   -0.20211393E+00   -0.41567680E-01
   -0.68717628E-01   -0.11564419E-01
   -0.16339902E-01   -0.21334282E-02
   -0.37520536E-02   -0.34852314E-03
   -0.10713850E-02   -0.69388572E-04
   -0.29503409E-03   -0.11496266E-04
   -0.60148877E-04   -0.39990243E-06
   -0.14608801E-04    0.15373891E-06
   -0.95998357E-05    0.13009441E-06
   -0.78955139E-05    0.16951742E-06
   -0.30727487E-05    0.71717512E-07
   -0.52234677E-06    0.13281414E-07
   -0.38960687E-07    0.11344133E-08
   -0.12024013E-08    0.40960641E-10
   -0.13109077E-10    0.51771538E-12
   -0.35509972E-13    0.15790558E-14
   -0.92543175E-17    0.44257700E-18
   -0.78030603E+00    0.62440873E+00
   -0.56529521E+00    0.18070489E+00
   -0.19739827E+00   -0.29940017E+00
   -0.24457086E-01   -0.49404817E+00
   -0.22876960E+00   -0.42614644E+00
   -0.44437009E+00   -0.26506852E+00
   -0.36797880E+00   -0.12323839E+00
   -0.16653672E+00   -0.40715224E-01
   -0.47159435E-01   -0.93722120E-02
   -0.10669997E-01   -0.17404821E-02
   -0.27511410E-02   -0.37234075E-03
   -0.81429552E-03   -0.89748546E-04
   -0.19561609E-03   -0.13443566E-04
   -0.40117170E-04   -0.40800150E-06
   -0.13720517E-04   -0.20334203E-06
   -0.11886906E-04   -0.81210783E-07
   -0.82222938E-05    0.91034164E-07
   -0.26227499E-05    0.47793977E-07
   -0.38227779E-06    0.83207863E-08
   -0.25329615E-07    0.62475555E-09
   -0.71196570E-09    0.19741829E-10
   -0.71963535E-11    0.22231610E-12
   -0.18302710E-13    0.61535207E-15
   -0.45142761E-17    0.15714185E-18
   -0.32527646E+00   -0.17566679E+00
   -0.46184334E-01   -0.57799671E+00
    0.17118995E+00   -0.93314541E+00
    0.25536279E-01   -0.91265801E+00
   -0.30509468E+00   -0.61163421E+00
   -0.41278508E+00   -0.29566526E+00
   -0.26253487E+00   -0.10435269E+00
   -0.98531284E-01   -0.27009055E-01
   -0.26265698E-01   -0.55754258E-02
   -0.67893088E-02   -0.12170773E-02
   -0.20477315E-02   -0.33667776E-03
   -0.56336907E-03   -0.77951278E-04
   -0.11511040E-03   -0.75897442E-05
   -0.27168378E-04   -0.17978757E-06
   -0.15170387E-04   -0.10733239E-05
   -0.14225749E-04   -0.62090563E-06
   -0.76361777E-05   -0.11081715E-06
   -0.19478882E-05    0.38782714E-10
   -0.23924365E-06    0.18046115E-08
   -0.13874451E-07    0.16496947E-09
   -0.35054023E-09    0.51732061E-11
   -0.32462832E-11    0.54509456E-13
   -0.76686869E-14    0.13772330E-15
   -0.17714710E-17    0.30928704E-19
    0.55616646E-02   -0.11456900E+01
    0.88869217E-01   -0.12463140E+01
    0.51271386E-01   -0.11972382E+01
   -0.15278571E+00   -0.88592843E+00
   -0.30279809E+00   -0.48223468E+00
   -0.25800585E+00   -0.19076298E+00
   -0.12897457E+00   -0.55334366E-01
   -0.44346170E-01   -0.12639142E-01
   -0.13300064E-01   -0.28554786E-02
   -0.43323673E-02   -0.82141836E-03
   -0.13755817E-02   -0.23860600E-03
   -0.32287337E-03   -0.39822776E-04
   -0.63932503E-04   -0.65014008E-06
   -0.22992148E-04   -0.14991388E-05
   -0.20412565E-04   -0.26259645E-05
   -0.15756789E-04   -0.13220555E-05
   -0.62820734E-05   -0.31163407E-06
   -0.12636505E-05   -0.37007906E-07
   -0.12904281E-06   -0.22211389E-08
   -0.64616901E-08   -0.65117749E-10
   -0.14484491E-09   -0.87029089E-12
   -0.12140699E-11   -0.48028168E-14
   -0.26335312E-14   -0.92758517E-17
   -0.56345860E-18   -0.29061292E-20
   -0.17357643E+00   -0.10063208E+01
   -0.15833251E+00   -0.92672241E+00
   -0.17318971E+00   -0.72808339E+00
   -0.19941291E+00   -0.45039804E+00
   -0.17551495E+00   -0.20915923E+00
   -0.10705137E+00   -0.72154022E-01
   -0.47572316E-01   -0.19489818E-01
   -0.17975797E-01   -0.49414185E-02
   -0.68403789E-02   -0.14935128E-02
   -0.25298364E-02   -0.48585514E-03
   -0.72683450E-03   -0.10876283E-03
   -0.15424341E-03   -0.67323020E-05
   -0.41999117E-04   -0.26205120E-06
   -0.29285151E-04   -0.48117907E-05
   -0.27162378E-04   -0.42814893E-05
   -0.15130890E-04   -0.17426924E-05
   -0.44757471E-05   -0.37572820E-06
   -0.71000400E-06   -0.44426608E-07
   -0.59906970E-07   -0.28836193E-08
   -0.25646016E-08   -0.99557452E-10
   -0.50424078E-10   -0.16823209E-11
   -0.37802990E-12   -0.11656660E-13
   -0.74416470E-15   -0.22840702E-16
   -0.14572955E-18   -0.48297829E-20
   -0.16816666E+00   -0.37462784E+00
   -0.15004548E+00   -0.31954506E+00
   -0.12432352E+00   -0.22417381E+00
   -0.94653658E-01   -0.12395795E+00
   -0.61905436E-01   -0.53106249E-01
   -0.33857442E-01   -0.18364983E-01
   -0.16432400E-01   -0.58774702E-02
   -0.76701879E-02   -0.20491351E-02
   -0.33327267E-02   -0.72974159E-03
   -0.11576184E-02   -0.19164130E-03
   -0.29885287E-03   -0.19596951E-04
   -0.79597010E-04    0.14777711E-05
   -0.44142460E-04   -0.59394488E-05
   -0.42153403E-04   -0.82562480E-05
   -0.29626801E-04   -0.49343939E-05
   -0.11852986E-04   -0.16020156E-05
   -0.26654143E-05   -0.29543091E-06
   -0.33787441E-06   -0.31204560E-07
   -0.23628620E-07   -0.18589295E-08
   -0.86176679E-09   -0.59656253E-10
   -0.14750045E-10   -0.93740208E-12
   -0.97939516E-13   -0.59912852E-14
   -0.17303374E-15   -0.10676732E-16
   -0.30640939E-19   -0.20010723E-20
   -0.55463418E-01   -0.71867244E-01
   -0.48709698E-01   -0.59447411E-01
   -0.38277246E-01   -0.40267322E-01
   -0.27354389E-01   -0.22346321E-01
   -0.17930842E-01   -0.10570252E-01
   -0.10936638E-01   -0.46464817E-02
   -0.62291169E-02   -0.20200364E-02
   -0.31485541E-02   -0.80278767E-03
   -0.12839706E-02   -0.23128401E-03
   -0.40927366E-03   -0.28786070E-04
   -0.12749125E-03    0.22727127E-05
   -0.66476386E-04   -0.65776568E-05
   -0.60831900E-04   -0.11917689E-04
   -0.48662124E-04   -0.92357971E-05
   -0.24352481E-04   -0.40651724E-05
   -0.72424816E-05   -0.10587797E-05
   -0.12766807E-05   -0.16453791E-06
   -0.13189720E-06   -0.15133329E-07
   -0.77277671E-08   -0.80162921E-09
   -0.24100871E-09   -0.23140719E-10
   -0.35849360E-11   -0.32870597E-12
   -0.20961453E-13   -0.19017955E-14
   -0.32948900E-16   -0.30654369E-17
   -0.52173812E-20   -0.51613091E-21
   -0.13715152E-01   -0.10604065E-01
   -0.12496440E-01   -0.90785848E-02
   -0.10477228E-01   -0.67212260E-02
   -0.81596363E-02   -0.44019980E-02
   -0.58875046E-02   -0.26104487E-02
   -0.38448072E-02   -0.13836269E-02
   -0.21690008E-02   -0.60304486E-03
   -0.10082116E-02   -0.18034632E-03
   -0.39301388E-03   -0.21938466E-04
   -0.15522732E-03    0.19268359E-05
   -0.90552448E-04   -0.82320946E-05
   -0.81706458E-04   -0.14899969E-04
   -0.68761265E-04   -0.13060286E-04
   -0.39656235E-04   -0.70381559E-05
   -0.14541768E-04   -0.23805502E-05
   -0.33401155E-05   -0.50402740E-06
   -0.47481621E-06   -0.66156608E-07
   -0.40795186E-07   -0.52759414E-08
   -0.20308008E-08   -0.24653957E-09
   -0.54639201E-10   -0.63445104E-11
   -0.70912339E-12   -0.80827765E-13
   -0.36492424E-14   -0.42099568E-15
   -0.50799617E-17   -0.61230624E-18
   -0.71319748E-21   -0.92812701E-22
   -0.42407687E-02   -0.21548597E-02
   -0.39150839E-02   -0.19275175E-02
   -0.33275760E-02   -0.15327112E-02
   -0.25790385E-02   -0.10633406E-02
   -0.17870960E-02   -0.61676064E-03
   -0.10810104E-02   -0.27456673E-03
   -0.56824513E-03   -0.77599014E-04
   -0.27548631E-03   -0.62391665E-05
   -0.14631605E-03   -0.10253017E-05
   -0.10667213E-03   -0.11360327E-04
   -0.99511392E-04   -0.16920924E-04
   -0.84133292E-04   -0.15025729E-04
   -0.52078998E-04   -0.90093230E-05
   -0.21967364E-04   -0.36420102E-05
   -0.61624909E-05   -0.97691531E-06
   -0.11308636E-05   -0.17096806E-06
   -0.13282582E-06   -0.19121100E-07
   -0.96632221E-08   -0.13273093E-08
   -0.41445439E-09   -0.54753242E-10
   -0.97236179E-11   -0.12547088E-11
   -0.11093794E-12   -0.14308084E-13
   -0.50446853E-15   -0.66942087E-16
   -0.62195109E-18   -0.87680118E-19
   -0.77076746E-22   -0.11954648E-22
   -0.10314126E-02   -0.40901819E-03
   -0.93147431E-03   -0.35090404E-03
   -0.75975622E-03   -0.25260337E-03
   -0.56049859E-03   -0.14506190E-03
   -0.37827862E-03   -0.59852357E-04
   -0.24271662E-03   -0.13710560E-04
   -0.16064155E-03   -0.19400502E-05
   -0.12254889E-03   -0.72455453E-05
   -0.11180758E-03   -0.14467307E-04
   -0.10636897E-03   -0.16975623E-04
   -0.87312187E-04   -0.14270438E-04
   -0.54992739E-04   -0.88496823E-05
   -0.25154670E-04   -0.39740250E-05
   -0.81230636E-05   -0.12600965E-05
   -0.18132262E-05   -0.27553319E-06
   -0.27353579E-06   -0.40559501E-07
   -0.27096859E-07   -0.39083663E-08
   -0.16952776E-08   -0.23784109E-09
   -0.63428777E-10   -0.87008777E-11
   -0.13111898E-11   -0.17804146E-12
   -0.13264819E-13   -0.18196441E-14
   -0.53651492E-16   -0.76460644E-17
   -0.58807439E-19   -0.90064355E-20
   -0.64332091E-23   -0.11023686E-23
   -0.16099451E-03   -0.28287451E-04
   -0.15265735E-03   -0.21909918E-04
   -0.13984661E-03   -0.12832210E-04
   -0.12645623E-03   -0.62084413E-05
   -0.11541508E-03   -0.48284036E-05
   -0.10873851E-03   -0.77244283E-05
   -0.10628370E-03   -0.11959478E-04
   -0.10398775E-03   -0.14656917E-04
   -0.94341866E-04   -0.14247971E-04
   -0.73005059E-04   -0.11031865E-04
   -0.45223408E-04   -0.67264452E-05
   -0.21504943E-04   -0.31587012E-05
   -0.76252200E-05   -0.11123025E-05
   -0.19683838E-05   -0.28580904E-06
   -0.36123710E-06   -0.52143468E-07
   -0.45876744E-07   -0.65618790E-08
   -0.39004084E-08   -0.55101351E-09
   -0.21265999E-09   -0.29637596E-10
   -0.70157631E-11   -0.96750167E-12
   -0.12896428E-12   -0.17762921E-13
   -0.11663829E-14   -0.16326042E-15
   -0.42265527E-17   -0.61715368E-18
   -0.41429214E-20   -0.65356133E-21
   -0.40147108E-24   -0.71662172E-25
   -0.82510845E-04   -0.34810970E-05
   -0.83954660E-04   -0.38826105E-05
   -0.85678045E-04   -0.50249595E-05
   -0.86792585E-04   -0.68430051E-05
   -0.86832195E-04   -0.87106564E-05
   -0.84381574E-04   -0.99799028E-05
   -0.77117950E-04   -0.10143526E-04
   -0.63723616E-04   -0.88800204E-05
   -0.45692732E-04   -0.64786364E-05
   -0.27329178E-04   -0.38455742E-05
   -0.13167454E-04   -0.18242923E-05
   -0.49624625E-05   -0.67903493E-06
   -0.14257924E-05   -0.19395316E-06
   -0.30473780E-06   -0.41419526E-07
   -0.47215411E-07   -0.64241694E-08
   -0.51489540E-08   -0.70075192E-09
   -0.38133830E-09   -0.51811133E-10
   -0.18328087E-10   -0.24829982E-11
   -0.53808728E-12   -0.72807024E-13
   -0.88649432E-14   -0.12060913E-14
   -0.72189552E-16   -0.10015383E-16
   -0.23593514E-18   -0.34168658E-19
   -0.20811475E-21   -0.32565641E-22
   -0.17961085E-25   -0.31941726E-26
   -0.53813691E-04   -0.37699815E-05
   -0.53413677E-04   -0.40018989E-05
   -0.51980168E-04   -0.44728546E-05
   -0.49028761E-04   -0.49400336E-05
   -0.44285412E-04   -0.50352171E-05
   -0.37446587E-04   -0.45978090E-05
   -0.28735248E-04   -0.37091190E-05
   -0.19409686E-04   -0.25845012E-05
   -0.11229291E-04   -0.15118751E-05
   -0.54214577E-05   -0.72491874E-06
   -0.21288498E-05   -0.27993740E-06
   -0.66301242E-06   -0.85704952E-07
   -0.15979231E-06   -0.20421550E-07
   -0.29066052E-07   -0.36993000E-08
   -0.38842585E-08   -0.49508016E-09
   -0.36976883E-09   -0.47333982E-10
   -0.24160522E-10   -0.31082626E-11
   -0.10338195E-11   -0.13366624E-12
   -0.27225660E-13   -0.35422751E-14
   -0.40469878E-15   -0.53245234E-16
   -0.29850504E-17   -0.40153654E-18
   -0.88494507E-20   -0.12415509E-20
   -0.70645228E-23   -0.10675401E-23
   -0.54610643E-27   -0.93634171E-28
   -0.17393612E-04   -0.12001919E-06
   -0.16596427E-04   -0.38030146E-06
   -0.15036757E-04   -0.75150509E-06
   -0.12855166E-04   -0.10212151E-05
   -0.10268344E-04   -0.10589691E-05
   -0.75238134E-05   -0.88774454E-06
   -0.49315076E-05   -0.62050514E-06
   -0.28187780E-05   -0.36464630E-06
   -0.13734909E-05   -0.17869024E-06
   -0.55867459E-06   -0.71923039E-07
   -0.18572809E-06   -0.23415403E-07
   -0.49360506E-07   -0.60762646E-08
   -0.10246284E-07   -0.12364266E-08
   -0.16205791E-08   -0.19322881E-09
   -0.19003092E-09   -0.22580572E-10
   -0.16008851E-10   -0.19086025E-11
   -0.93282020E-12   -0.11205826E-12
   -0.35839859E-13   -0.43486158E-14
   -0.85243857E-15   -0.10469524E-15
   -0.11497379E-16   -0.14352068E-17
   -0.77192816E-19   -0.98785883E-20
   -0.20853923E-21   -0.27812284E-22
   -0.15136795E-24   -0.21649583E-25
   -0.10534104E-28   -0.16997406E-29
   -0.23123902E-05    0.13432041E-06
   -0.21337786E-05    0.77247534E-07
   -0.18155205E-05   -0.20542345E-08
   -0.14219343E-05   -0.61496892E-07
   -0.10196153E-05   -0.81217406E-07
   -0.66099190E-06   -0.69206383E-07
   -0.37999998E-06   -0.45092264E-07
   -0.18958217E-06   -0.23656948E-07
   -0.80411922E-07   -0.10141983E-07
   -0.28450626E-07   -0.35453951E-08
   -0.82400145E-08   -0.10010760E-08
   -0.19149842E-08   -0.22551535E-09
   -0.34942445E-09   -0.39944617E-10
   -0.48869381E-10   -0.54615417E-11
   -0.50981366E-11   -0.56261926E-12
   -0.38434962E-12   -0.42308989E-13
   -0.20153058E-13   -0.22311430E-14
   -0.70027369E-15   -0.78433187E-16
   -0.15129668E-16   -0.17219113E-17
   -0.18602743E-18   -0.21613024E-19
   -0.11413555E-20   -0.13636999E-21
   -0.28197631E-23   -0.35117735E-24
   -0.18674794E-26   -0.24847399E-27
   -0.11745908E-30   -0.17500508E-31
   -0.11594950E-06    0.12614886E-07
   -0.10433869E-06    0.89391192E-08
   -0.84555839E-07    0.38069024E-08
   -0.61748635E-07   -0.21058871E-09
   -0.40548157E-07   -0.19824591E-08
   -0.23756690E-07   -0.19906434E-08
   -0.12245265E-07   -0.12966161E-08
   -0.54546038E-08   -0.63913747E-09
   -0.20610724E-08   -0.24949284E-09
   -0.64886530E-09   -0.78130532E-10
   -0.16720151E-09   -0.19604590E-10
   -0.34614677E-10   -0.39097721E-11
   -0.56403538E-11   -0.61224206E-12
   -0.70681981E-12   -0.74074008E-13
   -0.66322727E-13   -0.67762922E-14
   -0.45150973E-14   -0.45526114E-15
   -0.21460233E-15   -0.21612680E-16
   -0.67836434E-17   -0.68933472E-18
   -0.13375179E-18   -0.13823653E-19
   -0.15046630E-20   -0.15924122E-21
   -0.84607035E-23   -0.92391374E-24
   -0.19161385E-25   -0.21845035E-26
   -0.11604667E-28   -0.14105263E-29
   -0.66128288E-33   -0.89390073E-34
   -0.19040622E-08    0.28460977E-09
   -0.16811609E-08    0.21387776E-09
   -0.13121184E-08    0.11418540E-09
   -0.90654499E-09    0.33356216E-10
   -0.55426732E-09   -0.76748926E-11
   -0.29855545E-09   -0.16894204E-10
   -0.14029864E-09   -0.12211492E-10
   -0.56709152E-10   -0.59628623E-11
   -0.19396038E-10   -0.22009020E-11
   -0.55192643E-11   -0.63555904E-12
   -0.12844665E-11   -0.14491257E-12
   -0.24013549E-12   -0.26027447E-13
   -0.35362130E-13   -0.36502183E-14
   -0.40108942E-14   -0.39433284E-15
   -0.34135570E-15   -0.32199141E-16
   -0.21128457E-16   -0.19360389E-17
   -0.91530536E-18   -0.82692863E-19
   -0.26433503E-19   -0.23894101E-20
   -0.47716444E-21   -0.43714670E-22
   -0.49227666E-23   -0.46203865E-24
   -0.25408971E-25   -0.24676263E-26
   -0.52805419E-28   -0.53693170E-29
   -0.29263824E-31   -0.31740845E-32
   -0.15116294E-35   -0.18156315E-36
   -0.73774992E-11    0.13653532E-11
   -0.64168549E-11    0.10558486E-11
   -0.48597514E-11    0.61540503E-12
   -0.32094005E-11    0.24826167E-12
   -0.18490621E-11    0.45561187E-13
   -0.92717434E-12   -0.21858154E-13
   -0.40197251E-12   -0.24772261E-13
   -0.14905960E-12   -0.13026923E-13
   -0.46625127E-13   -0.47486427E-14
   -0.12111968E-13   -0.13027577E-14
   -0.25702865E-14   -0.27591829E-15
   -0.43784235E-15   -0.45359534E-16
   -0.58733484E-16   -0.57624489E-17
   -0.60700975E-17   -0.55970453E-18
   -0.47109773E-18   -0.40896415E-19
   -0.26620892E-19   -0.21970042E-20
   -0.10542723E-20   -0.84014663E-22
   -0.27871224E-22   -0.21849066E-23
   -0.46109949E-24   -0.36234359E-25
   -0.43633206E-26   -0.34964723E-27
   -0.20661135E-28   -0.17140397E-29
   -0.39352556E-31   -0.34301033E-32
   -0.19919159E-34   -0.18587242E-35
   -0.93044237E-39   -0.96177757E-40
   -0.26923543E-14    0.59351732E-15
   -0.23120566E-14    0.46720302E-15
   -0.17063720E-14    0.28579576E-15
   -0.10835658E-14    0.13108527E-15
   -0.59237852E-15    0.40633062E-16
   -0.27846231E-15    0.47779313E-17
   -0.11207152E-15   -0.30628149E-17
   -0.38313288E-16   -0.23427529E-17
   -0.11001227E-16   -0.91704576E-18
   -0.26169009E-17   -0.24917471E-18
   -0.50773115E-18   -0.50303772E-19
   -0.78988490E-19   -0.76976970E-20
   -0.96684517E-20   -0.89479553E-21
   -0.91128109E-21   -0.78452398E-22
   -0.64485329E-22   -0.51181651E-23
   -0.33228344E-23   -0.24356126E-24
   -0.12003522E-24   -0.82197664E-26
   -0.28956181E-26   -0.18891378E-27
   -0.43723906E-28   -0.27859927E-29
   -0.37761446E-30   -0.24128368E-31
   -0.16307404E-32   -0.10716346E-33
   -0.28272861E-35   -0.19558668E-36
   -0.12968576E-38   -0.96741399E-40
   -0.54263956E-43   -0.45213100E-44
