   2.59331837018000        1.02393635190000       0.953792881293000     
    1    0.64510121E+00    0.15149441E+00
    2    0.14814122E+01    0.35325658E+00
    3    0.23241848E+01    0.55678456E+00
    4    0.31704965E+01    0.76268532E+00
    5    0.40205859E+01    0.97187263E+00
    6    0.48752134E+01    0.11853579E+01
    7    0.57353314E+01    0.14042656E+01
    8    0.66020220E+01    0.16298686E+01
    9    0.74764942E+01    0.18636351E+01
   10    0.83601023E+01    0.21072912E+01
   11    0.92543788E+01    0.23629059E+01
   12    0.10161080E+02    0.26330088E+01
   13    0.11082248E+02    0.29207576E+01
   14    0.12020298E+02    0.32301851E+01
   15    0.12978144E+02    0.35665734E+01
   16    0.13959373E+02    0.39370438E+01
   17    0.14968514E+02    0.43515312E+01
   18    0.16011470E+02    0.48244819E+01
   19    0.17096219E+02    0.53780221E+01
   20    0.18234084E+02    0.60484178E+01
   21    0.19442223E+02    0.69008984E+01
   22    0.20749230E+02    0.80699652E+01
   23    0.22210618E+02    0.99027933E+01
   24    0.23971931E+02    0.13820532E+02
