    1    0.33635361E+00    0.63802751E+00
    2    0.10094141E+01    0.63869839E+00
    3    0.16835394E+01    0.64004938E+00
    4    0.23594557E+01    0.64209930E+00
    5    0.30379142E+01    0.64487734E+00
    6    0.37197034E+01    0.64842433E+00
    7    0.44056612E+01    0.65279452E+00
    8    0.50966913E+01    0.65805820E+00
    9    0.57937813E+01    0.66430528E+00
   10    0.64980259E+01    0.67165024E+00
   11    0.72106568E+01    0.68023920E+00
   12    0.79330805E+01    0.69025982E+00
   13    0.86669293E+01    0.70195586E+00
   14    0.94141312E+01    0.71564869E+00
   15    0.10177008E+02    0.73177044E+00
   16    0.10958417E+02    0.75091671E+00
   17    0.11761967E+02    0.77393428E+00
   18    0.12592355E+02    0.80207533E+00
   19    0.13455930E+02    0.83728752E+00
   20    0.14361701E+02    0.88281027E+00
   21    0.15323318E+02    0.94455490E+00
   22    0.16363528E+02    0.10348919E+01
   23    0.17526491E+02    0.11862569E+01
   24    0.18927983E+02    0.15337527E+01
