    1    0.43115992E+00    0.63802751E+00
    2    0.12939326E+01    0.63869839E+00
    3    0.21580702E+01    0.64004938E+00
    4    0.30245036E+01    0.64209930E+00
    5    0.38941959E+01    0.64487734E+00
    6    0.47681575E+01    0.64842433E+00
    7    0.56474629E+01    0.65279452E+00
    8    0.65332701E+01    0.65805820E+00
    9    0.74268453E+01    0.66430528E+00
   10    0.83295919E+01    0.67165024E+00
   11    0.92430885E+01    0.68023920E+00
   12    0.10169138E+02    0.69025982E+00
   13    0.11109833E+02    0.70195586E+00
   14    0.12067645E+02    0.71564869E+00
   15    0.13045550E+02    0.73177044E+00
   16    0.14047211E+02    0.75091671E+00
   17    0.15077254E+02    0.77393428E+00
   18    0.16141699E+02    0.80207533E+00
   19    0.17248686E+02    0.83728752E+00
   20    0.18409761E+02    0.88281027E+00
   21    0.19642425E+02    0.94455490E+00
   22    0.20975833E+02    0.10348919E+01
   23    0.22466595E+02    0.11862569E+01
   24    0.24263119E+02    0.15337527E+01
