    1    0.35859698E+00    0.63802751E+00
    2    0.10761676E+01    0.63869839E+00
    3    0.17948734E+01    0.64004938E+00
    4    0.25154886E+01    0.64209930E+00
    5    0.32388143E+01    0.64487734E+00
    6    0.39656908E+01    0.64842433E+00
    7    0.46970116E+01    0.65279452E+00
    8    0.54337402E+01    0.65805820E+00
    9    0.61769293E+01    0.66430528E+00
   10    0.69277463E+01    0.67165024E+00
   11    0.76875041E+01    0.68023920E+00
   12    0.84577023E+01    0.69025982E+00
   13    0.92400812E+01    0.70195586E+00
   14    0.10036696E+02    0.71564869E+00
   15    0.10850023E+02    0.73177044E+00
   16    0.11683107E+02    0.75091671E+00
   17    0.12539797E+02    0.77393428E+00
   18    0.13425099E+02    0.80207533E+00
   19    0.14345783E+02    0.83728752E+00
   20    0.15311453E+02    0.88281027E+00
   21    0.16336663E+02    0.94455490E+00
   22    0.17445663E+02    0.10348919E+01
   23    0.18685534E+02    0.11862569E+01
   24    0.20179708E+02    0.15337527E+01
