   1.91721795519000       0.976623203335000        1.04844565273000     
    1    0.45488078E+00    0.15149441E+00
    2    0.10445894E+01    0.35325658E+00
    3    0.16388544E+01    0.55678456E+00
    4    0.22356149E+01    0.76268532E+00
    5    0.28350393E+01    0.97187263E+00
    6    0.34376635E+01    0.11853579E+01
    7    0.40441592E+01    0.14042656E+01
    8    0.46552895E+01    0.16298686E+01
    9    0.52719068E+01    0.18636351E+01
   10    0.58949662E+01    0.21072912E+01
   11    0.65255482E+01    0.23629059E+01
   12    0.71648910E+01    0.26330088E+01
   13    0.78144349E+01    0.29207576E+01
   14    0.84758835E+01    0.32301851E+01
   15    0.91512902E+01    0.35665734E+01
   16    0.98431845E+01    0.39370438E+01
   17    0.10554761E+02    0.43515312E+01
   18    0.11290182E+02    0.48244819E+01
   19    0.12055072E+02    0.53780221E+01
   20    0.12857416E+02    0.60484178E+01
   21    0.13709312E+02    0.69008984E+01
   22    0.14630922E+02    0.80699652E+01
   23    0.15661393E+02    0.99027933E+01
   24    0.16903349E+02    0.13820532E+02
