    1    0.32059656E+00    0.63802751E+00
    2    0.96212644E+00    0.63869839E+00
    3    0.16046712E+01    0.64004938E+00
    4    0.22489230E+01    0.64209930E+00
    5    0.28955981E+01    0.64487734E+00
    6    0.35454477E+01    0.64842433E+00
    7    0.41992707E+01    0.65279452E+00
    8    0.48579283E+01    0.65805820E+00
    9    0.55223619E+01    0.66430528E+00
   10    0.61936150E+01    0.67165024E+00
   11    0.68728615E+01    0.68023920E+00
   12    0.75614420E+01    0.69025982E+00
   13    0.82609124E+01    0.70195586E+00
   14    0.89731104E+01    0.71564869E+00
   15    0.97002490E+01    0.73177044E+00
   16    0.10445052E+02    0.75091671E+00
   17    0.11210958E+02    0.77393428E+00
   18    0.12002445E+02    0.80207533E+00
   19    0.12825564E+02    0.83728752E+00
   20    0.13688903E+02    0.88281027E+00
   21    0.14605472E+02    0.94455490E+00
   22    0.15596951E+02    0.10348919E+01
   23    0.16705433E+02    0.11862569E+01
   24    0.18041270E+02    0.15337527E+01
