   2.29167285565000       0.976623203335000        1.04844565273000     
    1    0.54372427E+00    0.15149441E+00
    2    0.12486099E+01    0.35325658E+00
    3    0.19589417E+01    0.55678456E+00
    4    0.26722565E+01    0.76268532E+00
    5    0.33887553E+01    0.97187263E+00
    6    0.41090790E+01    0.11853579E+01
    7    0.48340304E+01    0.14042656E+01
    8    0.55645216E+01    0.16298686E+01
    9    0.63015714E+01    0.18636351E+01
   10    0.70463215E+01    0.21072912E+01
   11    0.78000634E+01    0.23629059E+01
   12    0.85642773E+01    0.26330088E+01
   13    0.93406847E+01    0.29207576E+01
   14    0.10131322E+02    0.32301851E+01
   15    0.10938643E+02    0.35665734E+01
   16    0.11765673E+02    0.39370438E+01
   17    0.12616229E+02    0.43515312E+01
   18    0.13495285E+02    0.48244819E+01
   19    0.14409567E+02    0.53780221E+01
   20    0.15368618E+02    0.60484178E+01
   21    0.16386899E+02    0.69008984E+01
   22    0.17488511E+02    0.80699652E+01
   23    0.18720244E+02    0.99027933E+01
   24    0.20204768E+02    0.13820532E+02
