   1.90366673043000        1.00000000000000        1.00000000000000     
    1    0.46247683E+00    0.15149441E+00
    2    0.10620330E+01    0.35325658E+00
    3    0.16662217E+01    0.55678456E+00
    4    0.22729475E+01    0.76268532E+00
    5    0.28823816E+01    0.97187263E+00
    6    0.34950690E+01    0.11853579E+01
    7    0.41116926E+01    0.14042656E+01
    8    0.47330282E+01    0.16298686E+01
    9    0.53599424E+01    0.18636351E+01
   10    0.59934062E+01    0.21072912E+01
   11    0.66345183E+01    0.23629059E+01
   12    0.72845375E+01    0.26330088E+01
   13    0.79449281E+01    0.29207576E+01
   14    0.86174222E+01    0.32301851E+01
   15    0.93041076E+01    0.35665734E+01
   16    0.10007556E+02    0.39370438E+01
   17    0.10731015E+02    0.43515312E+01
   18    0.11478717E+02    0.48244819E+01
   19    0.12256380E+02    0.53780221E+01
   20    0.13072121E+02    0.60484178E+01
   21    0.13938244E+02    0.69008984E+01
   22    0.14875244E+02    0.80699652E+01
   23    0.15922922E+02    0.99027933E+01
   24    0.17185617E+02    0.13820532E+02
