    1    0.36890654E+00    0.63802751E+00
    2    0.11071071E+01    0.63869839E+00
    3    0.18464755E+01    0.64004938E+00
    4    0.25878081E+01    0.64209930E+00
    5    0.33319292E+01    0.64487734E+00
    6    0.40797032E+01    0.64842433E+00
    7    0.48320493E+01    0.65279452E+00
    8    0.55899585E+01    0.65805820E+00
    9    0.63545141E+01    0.66430528E+00
   10    0.71269169E+01    0.67165024E+00
   11    0.79085176E+01    0.68023920E+00
   12    0.87008587E+01    0.69025982E+00
   13    0.95057307E+01    0.70195586E+00
   14    0.10325248E+02    0.71564869E+00
   15    0.11161958E+02    0.73177044E+00
   16    0.12018993E+02    0.75091671E+00
   17    0.12900312E+02    0.77393428E+00
   18    0.13811067E+02    0.80207533E+00
   19    0.14758220E+02    0.83728752E+00
   20    0.15751653E+02    0.88281027E+00
   21    0.16806337E+02    0.94455490E+00
   22    0.17947220E+02    0.10348919E+01
   23    0.19222737E+02    0.11862569E+01
   24    0.20759869E+02    0.15337527E+01
