   2.58442160330000       0.976623203335000        1.04844565273000     
    1    0.61318209E+00    0.15149441E+00
    2    0.14081130E+01    0.35325658E+00
    3    0.22091859E+01    0.55678456E+00
    4    0.30136227E+01    0.76268532E+00
    5    0.38216504E+01    0.97187263E+00
    6    0.46339915E+01    0.11853579E+01
    7    0.54515515E+01    0.14042656E+01
    8    0.62753589E+01    0.16298686E+01
    9    0.71065629E+01    0.18636351E+01
   10    0.79464507E+01    0.21072912E+01
   11    0.87964791E+01    0.23629059E+01
   12    0.96583171E+01    0.26330088E+01
   13    0.10533906E+02    0.29207576E+01
   14    0.11425543E+02    0.32301851E+01
   15    0.12335996E+02    0.35665734E+01
   16    0.13268673E+02    0.39370438E+01
   17    0.14227883E+02    0.43515312E+01
   18    0.15219235E+02    0.48244819E+01
   19    0.16250311E+02    0.53780221E+01
   20    0.17331875E+02    0.60484178E+01
   21    0.18480237E+02    0.69008984E+01
   22    0.19722573E+02    0.80699652E+01
   23    0.21111654E+02    0.99027933E+01
   24    0.22785818E+02    0.13820532E+02
