   2.59625034082000        1.04844565273000       0.909720860405000     
    1    0.66128938E+00    0.15149441E+00
    2    0.15185867E+01    0.35325658E+00
    3    0.23825079E+01    0.55678456E+00
    4    0.32500569E+01    0.76268532E+00
    5    0.41214785E+01    0.97187263E+00
    6    0.49975520E+01    0.11853579E+01
    7    0.58792538E+01    0.14042656E+01
    8    0.67676932E+01    0.16298686E+01
    9    0.76641093E+01    0.18636351E+01
   10    0.85698907E+01    0.21072912E+01
   11    0.94866082E+01    0.23629059E+01
   12    0.10416062E+02    0.26330088E+01
   13    0.11360346E+02    0.29207576E+01
   14    0.12321936E+02    0.32301851E+01
   15    0.13303818E+02    0.35665734E+01
   16    0.14309669E+02    0.39370438E+01
   17    0.15344134E+02    0.43515312E+01
   18    0.16413262E+02    0.48244819E+01
   19    0.17525232E+02    0.53780221E+01
   20    0.18691650E+02    0.60484178E+01
   21    0.19930107E+02    0.69008984E+01
   22    0.21269911E+02    0.80699652E+01
   23    0.22767972E+02    0.99027933E+01
   24    0.24573483E+02    0.13820532E+02
