    1    0.43166450E+00    0.63802751E+00
    2    0.12954469E+01    0.63869839E+00
    3    0.21605958E+01    0.64004938E+00
    4    0.30280431E+01    0.64209930E+00
    5    0.38987532E+01    0.64487734E+00
    6    0.47737376E+01    0.64842433E+00
    7    0.56540720E+01    0.65279452E+00
    8    0.65409159E+01    0.65805820E+00
    9    0.74355368E+01    0.66430528E+00
   10    0.83393398E+01    0.67165024E+00
   11    0.92539055E+01    0.68023920E+00
   12    0.10181039E+02    0.69025982E+00
   13    0.11122835E+02    0.70195586E+00
   14    0.12081768E+02    0.71564869E+00
   15    0.13060817E+02    0.73177044E+00
   16    0.14063651E+02    0.75091671E+00
   17    0.15094899E+02    0.77393428E+00
   18    0.16160590E+02    0.80207533E+00
   19    0.17268871E+02    0.83728752E+00
   20    0.18431306E+02    0.88281027E+00
   21    0.19665412E+02    0.94455490E+00
   22    0.21000381E+02    0.10348919E+01
   23    0.22492887E+02    0.11862569E+01
   24    0.24291514E+02    0.15337527E+01
