    1    0.37670048E+00    0.63802751E+00
    2    0.11304971E+01    0.63869839E+00
    3    0.18854862E+01    0.64004938E+00
    4    0.26424811E+01    0.64209930E+00
    5    0.34023234E+01    0.64487734E+00
    6    0.41658956E+01    0.64842433E+00
    7    0.49341367E+01    0.65279452E+00
    8    0.57080584E+01    0.65805820E+00
    9    0.64887668E+01    0.66430528E+00
   10    0.72774883E+01    0.67165024E+00
   11    0.80756019E+01    0.68023920E+00
   12    0.88846830E+01    0.69025982E+00
   13    0.97065596E+01    0.70195586E+00
   14    0.10543391E+02    0.71564869E+00
   15    0.11397778E+02    0.73177044E+00
   16    0.12272920E+02    0.75091671E+00
   17    0.13172859E+02    0.77393428E+00
   18    0.14102855E+02    0.80207533E+00
   19    0.15070019E+02    0.83728752E+00
   20    0.16084440E+02    0.88281027E+00
   21    0.17161407E+02    0.94455490E+00
   22    0.18326394E+02    0.10348919E+01
   23    0.19628859E+02    0.11862569E+01
   24    0.21198465E+02    0.15337527E+01
