   2.28618372691000       0.976623203335000        1.04844565273000     
    1    0.54242191E+00    0.15149441E+00
    2    0.12456191E+01    0.35325658E+00
    3    0.19542496E+01    0.55678456E+00
    4    0.26658557E+01    0.76268532E+00
    5    0.33806384E+01    0.97187263E+00
    6    0.40992368E+01    0.11853579E+01
    7    0.48224517E+01    0.14042656E+01
    8    0.55511931E+01    0.16298686E+01
    9    0.62864775E+01    0.18636351E+01
   10    0.70294438E+01    0.21072912E+01
   11    0.77813803E+01    0.23629059E+01
   12    0.85437637E+01    0.26330088E+01
   13    0.93183114E+01    0.29207576E+01
   14    0.10107055E+02    0.32301851E+01
   15    0.10912443E+02    0.35665734E+01
   16    0.11737491E+02    0.39370438E+01
   17    0.12586010E+02    0.43515312E+01
   18    0.13462961E+02    0.48244819E+01
   19    0.14375053E+02    0.53780221E+01
   20    0.15331806E+02    0.60484178E+01
   21    0.16347649E+02    0.69008984E+01
   22    0.17446622E+02    0.80699652E+01
   23    0.18675405E+02    0.99027933E+01
   24    0.20156373E+02    0.13820532E+02
