    1    0.38229490E+00    0.63802751E+00
    2    0.11472863E+01    0.63869839E+00
    3    0.19134878E+01    0.64004938E+00
    4    0.26817249E+01    0.64209930E+00
    5    0.34528516E+01    0.64487734E+00
    6    0.42277638E+01    0.64842433E+00
    7    0.50074141E+01    0.65279452E+00
    8    0.57928294E+01    0.65805820E+00
    9    0.65851323E+01    0.66430528E+00
   10    0.73855671E+01    0.67165024E+00
   11    0.81955336E+01    0.68023920E+00
   12    0.90166304E+01    0.69025982E+00
   13    0.98507128E+01    0.70195586E+00
   14    0.10699972E+02    0.71564869E+00
   15    0.11567048E+02    0.73177044E+00
   16    0.12455187E+02    0.75091671E+00
   17    0.13368491E+02    0.77393428E+00
   18    0.14312298E+02    0.80207533E+00
   19    0.15293825E+02    0.83728752E+00
   20    0.16323312E+02    0.88281027E+00
   21    0.17416273E+02    0.94455490E+00
   22    0.18598561E+02    0.10348919E+01
   23    0.19920369E+02    0.11862569E+01
   24    0.21513286E+02    0.15337527E+01
