    1    0.43065237E+00    0.63802751E+00
    2    0.12924095E+01    0.63869839E+00
    3    0.21555298E+01    0.64004938E+00
    4    0.30209432E+01    0.64209930E+00
    5    0.38896118E+01    0.64487734E+00
    6    0.47625446E+01    0.64842433E+00
    7    0.56408149E+01    0.65279452E+00
    8    0.65255794E+01    0.65805820E+00
    9    0.74181027E+01    0.66430528E+00
   10    0.83197865E+01    0.67165024E+00
   11    0.92322078E+01    0.68023920E+00
   12    0.10157167E+02    0.69025982E+00
   13    0.11096755E+02    0.70195586E+00
   14    0.12053439E+02    0.71564869E+00
   15    0.13030193E+02    0.73177044E+00
   16    0.14030675E+02    0.75091671E+00
   17    0.15059506E+02    0.77393428E+00
   18    0.16122698E+02    0.80207533E+00
   19    0.17228381E+02    0.83728752E+00
   20    0.18388090E+02    0.88281027E+00
   21    0.19619303E+02    0.94455490E+00
   22    0.20951141E+02    0.10348919E+01
   23    0.22440148E+02    0.11862569E+01
   24    0.24234557E+02    0.15337527E+01
