    1    0.39405540E+00    0.63802751E+00
    2    0.11825801E+01    0.63869839E+00
    3    0.19723523E+01    0.64004938E+00
    4    0.27642226E+01    0.64209930E+00
    5    0.35590714E+01    0.64487734E+00
    6    0.43578221E+01    0.64842433E+00
    7    0.51614567E+01    0.65279452E+00
    8    0.59710337E+01    0.65805820E+00
    9    0.67877101E+01    0.66430528E+00
   10    0.76127686E+01    0.67165024E+00
   11    0.84476520E+01    0.68023920E+00
   12    0.92940081E+01    0.69025982E+00
   13    0.10153749E+02    0.70195586E+00
   14    0.11029135E+02    0.71564869E+00
   15    0.11922884E+02    0.73177044E+00
   16    0.12838344E+02    0.75091671E+00
   17    0.13779744E+02    0.77393428E+00
   18    0.14752586E+02    0.80207533E+00
   19    0.15764308E+02    0.83728752E+00
   20    0.16825465E+02    0.88281027E+00
   21    0.17952048E+02    0.94455490E+00
   22    0.19170707E+02    0.10348919E+01
   23    0.20533178E+02    0.11862569E+01
   24    0.22175097E+02    0.15337527E+01
