   2.30775707286000        1.04844565273000       0.909720860405000     
    1    0.58780743E+00    0.15149441E+00
    2    0.13498426E+01    0.35325658E+00
    3    0.21177655E+01    0.55678456E+00
    4    0.28889132E+01    0.76268532E+00
    5    0.36635031E+01    0.97187263E+00
    6    0.44422280E+01    0.11853579E+01
    7    0.52259558E+01    0.14042656E+01
    8    0.60156725E+01    0.16298686E+01
    9    0.68124796E+01    0.18636351E+01
   10    0.76176113E+01    0.21072912E+01
   11    0.84324639E+01    0.23629059E+01
   12    0.92586374E+01    0.26330088E+01
   13    0.10097993E+02    0.29207576E+01
   14    0.10952732E+02    0.32301851E+01
   15    0.11825508E+02    0.35665734E+01
   16    0.12719590E+02    0.39370438E+01
   17    0.13639106E+02    0.43515312E+01
   18    0.14589434E+02    0.48244819E+01
   19    0.15577842E+02    0.53780221E+01
   20    0.16614649E+02    0.60484178E+01
   21    0.17715489E+02    0.69008984E+01
   22    0.18906415E+02    0.80699652E+01
   23    0.20238013E+02    0.99027933E+01
   24    0.21842897E+02    0.13820532E+02
