    1    0.33484182E+00    0.63802751E+00
    2    0.10048772E+01    0.63869839E+00
    3    0.16759725E+01    0.64004938E+00
    4    0.23488507E+01    0.64209930E+00
    5    0.30242599E+01    0.64487734E+00
    6    0.37029846E+01    0.64842433E+00
    7    0.43858593E+01    0.65279452E+00
    8    0.50737835E+01    0.65805820E+00
    9    0.57677402E+01    0.66430528E+00
   10    0.64688196E+01    0.67165024E+00
   11    0.71782475E+01    0.68023920E+00
   12    0.78974241E+01    0.69025982E+00
   13    0.86279745E+01    0.70195586E+00
   14    0.93718180E+01    0.71564869E+00
   15    0.10131266E+02    0.73177044E+00
   16    0.10909163E+02    0.75091671E+00
   17    0.11709102E+02    0.77393428E+00
   18    0.12535757E+02    0.80207533E+00
   19    0.13395450E+02    0.83728752E+00
   20    0.14297150E+02    0.88281027E+00
   21    0.15254445E+02    0.94455490E+00
   22    0.16289979E+02    0.10348919E+01
   23    0.17447716E+02    0.11862569E+01
   24    0.18842909E+02    0.15337527E+01
