   1.94296587046000       0.976623203335000        1.04844565273000     
    1    0.46098975E+00    0.15149441E+00
    2    0.10586181E+01    0.35325658E+00
    3    0.16608640E+01    0.55678456E+00
    4    0.22656389E+01    0.76268532E+00
    5    0.28731134E+01    0.97187263E+00
    6    0.34838307E+01    0.11853579E+01
    7    0.40984716E+01    0.14042656E+01
    8    0.47178093E+01    0.16298686E+01
    9    0.53427077E+01    0.18636351E+01
   10    0.59741346E+01    0.21072912E+01
   11    0.66131852E+01    0.23629059E+01
   12    0.72611143E+01    0.26330088E+01
   13    0.79193814E+01    0.29207576E+01
   14    0.85897132E+01    0.32301851E+01
   15    0.92741905E+01    0.35665734E+01
   16    0.99753768E+01    0.39370438E+01
   17    0.10696510E+02    0.43515312E+01
   18    0.11441807E+02    0.48244819E+01
   19    0.12216970E+02    0.53780221E+01
   20    0.13030088E+02    0.60484178E+01
   21    0.13893426E+02    0.69008984E+01
   22    0.14827413E+02    0.80699652E+01
   23    0.15871723E+02    0.99027933E+01
   24    0.17130358E+02    0.13820532E+02
