    1    0.32490212E+00    0.63802751E+00
    2    0.97504764E+00    0.63869839E+00
    3    0.16262217E+01    0.64004938E+00
    4    0.22791257E+01    0.64209930E+00
    5    0.29344855E+01    0.64487734E+00
    6    0.35930624E+01    0.64842433E+00
    7    0.42556662E+01    0.65279452E+00
    8    0.49231694E+01    0.65805820E+00
    9    0.55965262E+01    0.66430528E+00
   10    0.62767942E+01    0.67165024E+00
   11    0.69651629E+01    0.68023920E+00
   12    0.76629909E+01    0.69025982E+00
   13    0.83718551E+01    0.70195586E+00
   14    0.90936178E+01    0.71564869E+00
   15    0.98305217E+01    0.73177044E+00
   16    0.10585327E+02    0.75091671E+00
   17    0.11361520E+02    0.77393428E+00
   18    0.12163636E+02    0.80207533E+00
   19    0.12997810E+02    0.83728752E+00
   20    0.13872743E+02    0.88281027E+00
   21    0.14801621E+02    0.94455490E+00
   22    0.15806415E+02    0.10348919E+01
   23    0.16929784E+02    0.11862569E+01
   24    0.18283562E+02    0.15337527E+01
