    1    0.37712350E+00    0.63802751E+00
    2    0.11317666E+01    0.63869839E+00
    3    0.18876036E+01    0.64004938E+00
    4    0.26454486E+01    0.64209930E+00
    5    0.34061441E+01    0.64487734E+00
    6    0.41705738E+01    0.64842433E+00
    7    0.49396776E+01    0.65279452E+00
    8    0.57144684E+01    0.65805820E+00
    9    0.64960535E+01    0.66430528E+00
   10    0.72856607E+01    0.67165024E+00
   11    0.80846706E+01    0.68023920E+00
   12    0.88946602E+01    0.69025982E+00
   13    0.97174598E+01    0.70195586E+00
   14    0.10555231E+02    0.71564869E+00
   15    0.11410577E+02    0.73177044E+00
   16    0.12286702E+02    0.75091671E+00
   17    0.13187652E+02    0.77393428E+00
   18    0.14118692E+02    0.80207533E+00
   19    0.15086942E+02    0.83728752E+00
   20    0.16102503E+02    0.88281027E+00
   21    0.17180679E+02    0.94455490E+00
   22    0.18346974E+02    0.10348919E+01
   23    0.19650901E+02    0.11862569E+01
   24    0.21222271E+02    0.15337527E+01
