    1    0.37754417E+00    0.63802751E+00
    2    0.11330291E+01    0.63869839E+00
    3    0.18897091E+01    0.64004938E+00
    4    0.26483994E+01    0.64209930E+00
    5    0.34099434E+01    0.64487734E+00
    6    0.41752259E+01    0.64842433E+00
    7    0.49451875E+01    0.65279452E+00
    8    0.57208426E+01    0.65805820E+00
    9    0.65032996E+01    0.66430528E+00
   10    0.72937875E+01    0.67165024E+00
   11    0.80936886E+01    0.68023920E+00
   12    0.89045818E+01    0.69025982E+00
   13    0.97282992E+01    0.70195586E+00
   14    0.10567005E+02    0.71564869E+00
   15    0.11423305E+02    0.73177044E+00
   16    0.12300408E+02    0.75091671E+00
   17    0.13202362E+02    0.77393428E+00
   18    0.14134441E+02    0.80207533E+00
   19    0.15103771E+02    0.83728752E+00
   20    0.16120464E+02    0.88281027E+00
   21    0.17199843E+02    0.94455490E+00
   22    0.18367439E+02    0.10348919E+01
   23    0.19672821E+02    0.11862569E+01
   24    0.21245943E+02    0.15337527E+01
