    1    0.36109627E+00    0.63802751E+00
    2    0.10836681E+01    0.63869839E+00
    3    0.18073830E+01    0.64004938E+00
    4    0.25330206E+01    0.64209930E+00
    5    0.32613876E+01    0.64487734E+00
    6    0.39933302E+01    0.64842433E+00
    7    0.47297480E+01    0.65279452E+00
    8    0.54716113E+01    0.65805820E+00
    9    0.62199802E+01    0.66430528E+00
   10    0.69760301E+01    0.67165024E+00
   11    0.77410832E+01    0.68023920E+00
   12    0.85166493E+01    0.69025982E+00
   13    0.93044811E+01    0.70195586E+00
   14    0.10106648E+02    0.71564869E+00
   15    0.10925643E+02    0.73177044E+00
   16    0.11764534E+02    0.75091671E+00
   17    0.12627195E+02    0.77393428E+00
   18    0.13518667E+02    0.80207533E+00
   19    0.14445768E+02    0.83728752E+00
   20    0.15418168E+02    0.88281027E+00
   21    0.16450524E+02    0.94455490E+00
   22    0.17567252E+02    0.10348919E+01
   23    0.18815765E+02    0.11862569E+01
   24    0.20320353E+02    0.15337527E+01
