    1    0.35731394E+00    0.63802751E+00
    2    0.10723171E+01    0.63869839E+00
    3    0.17884515E+01    0.64004938E+00
    4    0.25064883E+01    0.64209930E+00
    5    0.32272260E+01    0.64487734E+00
    6    0.39515017E+01    0.64842433E+00
    7    0.46802060E+01    0.65279452E+00
    8    0.54142985E+01    0.65805820E+00
    9    0.61548285E+01    0.66430528E+00
   10    0.69029591E+01    0.67165024E+00
   11    0.76599986E+01    0.68023920E+00
   12    0.84274411E+01    0.69025982E+00
   13    0.92070206E+01    0.70195586E+00
   14    0.10000785E+02    0.71564869E+00
   15    0.10811202E+02    0.73177044E+00
   16    0.11641306E+02    0.75091671E+00
   17    0.12494930E+02    0.77393428E+00
   18    0.13377065E+02    0.80207533E+00
   19    0.14294454E+02    0.83728752E+00
   20    0.15256670E+02    0.88281027E+00
   21    0.16278211E+02    0.94455490E+00
   22    0.17383243E+02    0.10348919E+01
   23    0.18618678E+02    0.11862569E+01
   24    0.20107506E+02    0.15337527E+01
